2022-01-14 12:29:19.0421|INFO|Hangfire.SqlServer.SqlServerObjectsInstaller|Start installing Hangfire SQL objects...
2022-01-14 12:29:21.9206|INFO|Hangfire.SqlServer.SqlServerObjectsInstaller|Hangfire SQL objects installed.
2022-01-14 12:29:26.3421|INFO|Hangfire.BackgroundJobServer|Starting Hangfire Server using job storage: 'SQL Server: (localdb)\MSSQLLocalDB@MyDB'
2022-01-14 12:29:26.3421|INFO|Hangfire.BackgroundJobServer|Using the following options for SQL Server job storage: Queue poll interval: 00:00:00.
2022-01-14 12:29:26.3889|INFO|Hangfire.BackgroundJobServer|Using the following options for Hangfire Server:
    Worker count: 20
    Listening queues: 'default'
    Shutdown timeout: 00:00:15
    Schedule polling interval: 00:00:15
2022-01-14 12:29:27.1456|INFO|Microsoft.Hosting.Lifetime|Application started. Press Ctrl+C to shut down.
2022-01-14 12:29:27.1928|INFO|Microsoft.Hosting.Lifetime|Hosting environment: Development
2022-01-14 12:29:27.1928|INFO|Microsoft.Hosting.Lifetime|Content root path: C:\Users\admin\Desktop\QualificationWork\Api\QualificationWork.Api
2022-01-14 12:29:27.2332|INFO|Hangfire.Server.BackgroundServerProcess|Server desktop-bhcmgte:12644:dac337d4 successfully announced in 746,6064 ms
2022-01-14 12:29:27.2914|INFO|Hangfire.Server.BackgroundServerProcess|Server desktop-bhcmgte:12644:dac337d4 is starting the registered dispatchers: ServerWatchdog, ServerJobCancellationWatcher, ExpirationManager, CountersAggregator, Worker, DelayedJobScheduler, RecurringJobScheduler...
2022-01-14 12:29:27.7139|INFO|Hangfire.Server.ServerWatchdog|1 servers were removed due to timeout
2022-01-14 12:29:27.9510|INFO|Hangfire.Server.BackgroundServerProcess|Server desktop-bhcmgte:12644:dac337d4 all the dispatchers started
2022-01-14 12:29:46.5231|WARN|Microsoft.EntityFrameworkCore.Query|Compiling a query which loads related collections for more than one collection navigation either via 'Include' or through projection but no 'QuerySplittingBehavior' has been configured. By default Entity Framework will use 'QuerySplittingBehavior.SingleQuery' which can potentially result in slow query performance. See https://go.microsoft.com/fwlink/?linkid=2134277 for more information. To identify the query that's triggering this warning call 'ConfigureWarnings(w => w.Throw(RelationalEventId.MultipleCollectionIncludeWarning))'
2022-01-14 12:29:46.5231|WARN|Microsoft.EntityFrameworkCore.Query|Compiling a query which loads related collections for more than one collection navigation either via 'Include' or through projection but no 'QuerySplittingBehavior' has been configured. By default Entity Framework will use 'QuerySplittingBehavior.SingleQuery' which can potentially result in slow query performance. See https://go.microsoft.com/fwlink/?linkid=2134277 for more information. To identify the query that's triggering this warning call 'ConfigureWarnings(w => w.Throw(RelationalEventId.MultipleCollectionIncludeWarning))'
2022-01-14 12:29:48.1860|WARN|Microsoft.EntityFrameworkCore.Query|Compiling a query which loads related collections for more than one collection navigation either via 'Include' or through projection but no 'QuerySplittingBehavior' has been configured. By default Entity Framework will use 'QuerySplittingBehavior.SingleQuery' which can potentially result in slow query performance. See https://go.microsoft.com/fwlink/?linkid=2134277 for more information. To identify the query that's triggering this warning call 'ConfigureWarnings(w => w.Throw(RelationalEventId.MultipleCollectionIncludeWarning))'
2022-01-14 12:47:02.4466|WARN|Microsoft.EntityFrameworkCore.Query|Compiling a query which loads related collections for more than one collection navigation either via 'Include' or through projection but no 'QuerySplittingBehavior' has been configured. By default Entity Framework will use 'QuerySplittingBehavior.SingleQuery' which can potentially result in slow query performance. See https://go.microsoft.com/fwlink/?linkid=2134277 for more information. To identify the query that's triggering this warning call 'ConfigureWarnings(w => w.Throw(RelationalEventId.MultipleCollectionIncludeWarning))'
2022-01-14 14:24:49.6660|INFO|Hangfire.SqlServer.SqlServerObjectsInstaller|Start installing Hangfire SQL objects...
2022-01-14 14:24:51.7227|INFO|Hangfire.SqlServer.SqlServerObjectsInstaller|Hangfire SQL objects installed.
2022-01-14 14:24:55.3971|INFO|Hangfire.BackgroundJobServer|Starting Hangfire Server using job storage: 'SQL Server: (localdb)\MSSQLLocalDB@MyDB'
2022-01-14 14:24:55.3971|INFO|Hangfire.BackgroundJobServer|Using the following options for SQL Server job storage: Queue poll interval: 00:00:00.
2022-01-14 14:24:55.4134|INFO|Hangfire.BackgroundJobServer|Using the following options for Hangfire Server:
    Worker count: 20
    Listening queues: 'default'
    Shutdown timeout: 00:00:15
    Schedule polling interval: 00:00:15
2022-01-14 14:24:56.0005|INFO|Microsoft.Hosting.Lifetime|Application started. Press Ctrl+C to shut down.
2022-01-14 14:24:56.0210|INFO|Microsoft.Hosting.Lifetime|Hosting environment: Development
2022-01-14 14:24:56.0210|INFO|Microsoft.Hosting.Lifetime|Content root path: C:\Users\admin\Desktop\QualificationWork\Api\QualificationWork.Api
2022-01-14 14:24:56.0485|INFO|Hangfire.Server.BackgroundServerProcess|Server desktop-bhcmgte:18824:673fce0f successfully announced in 563,5475 ms
2022-01-14 14:24:56.0686|INFO|Hangfire.Server.BackgroundServerProcess|Server desktop-bhcmgte:18824:673fce0f is starting the registered dispatchers: ServerWatchdog, ServerJobCancellationWatcher, ExpirationManager, CountersAggregator, Worker, DelayedJobScheduler, RecurringJobScheduler...
2022-01-14 14:24:56.1305|INFO|Hangfire.Server.ServerWatchdog|1 servers were removed due to timeout
2022-01-14 14:24:56.9620|INFO|Hangfire.Server.BackgroundServerProcess|Server desktop-bhcmgte:18824:673fce0f all the dispatchers started
2022-01-14 14:28:13.2719|WARN|Microsoft.EntityFrameworkCore.Query|Compiling a query which loads related collections for more than one collection navigation either via 'Include' or through projection but no 'QuerySplittingBehavior' has been configured. By default Entity Framework will use 'QuerySplittingBehavior.SingleQuery' which can potentially result in slow query performance. See https://go.microsoft.com/fwlink/?linkid=2134277 for more information. To identify the query that's triggering this warning call 'ConfigureWarnings(w => w.Throw(RelationalEventId.MultipleCollectionIncludeWarning))'
2022-01-14 15:10:25.7429|WARN|Microsoft.EntityFrameworkCore.Query|Compiling a query which loads related collections for more than one collection navigation either via 'Include' or through projection but no 'QuerySplittingBehavior' has been configured. By default Entity Framework will use 'QuerySplittingBehavior.SingleQuery' which can potentially result in slow query performance. See https://go.microsoft.com/fwlink/?linkid=2134277 for more information. To identify the query that's triggering this warning call 'ConfigureWarnings(w => w.Throw(RelationalEventId.MultipleCollectionIncludeWarning))'
2022-01-14 15:10:25.7429|WARN|Microsoft.EntityFrameworkCore.Query|Compiling a query which loads related collections for more than one collection navigation either via 'Include' or through projection but no 'QuerySplittingBehavior' has been configured. By default Entity Framework will use 'QuerySplittingBehavior.SingleQuery' which can potentially result in slow query performance. See https://go.microsoft.com/fwlink/?linkid=2134277 for more information. To identify the query that's triggering this warning call 'ConfigureWarnings(w => w.Throw(RelationalEventId.MultipleCollectionIncludeWarning))'
2022-01-14 15:11:08.6196|WARN|Microsoft.EntityFrameworkCore.Query|Compiling a query which loads related collections for more than one collection navigation either via 'Include' or through projection but no 'QuerySplittingBehavior' has been configured. By default Entity Framework will use 'QuerySplittingBehavior.SingleQuery' which can potentially result in slow query performance. See https://go.microsoft.com/fwlink/?linkid=2134277 for more information. To identify the query that's triggering this warning call 'ConfigureWarnings(w => w.Throw(RelationalEventId.MultipleCollectionIncludeWarning))'
2022-01-14 15:15:12.5101|INFO|Hangfire.SqlServer.SqlServerObjectsInstaller|Start installing Hangfire SQL objects...
2022-01-14 15:15:13.4474|INFO|Hangfire.SqlServer.SqlServerObjectsInstaller|Hangfire SQL objects installed.
2022-01-14 15:15:16.9524|INFO|Hangfire.BackgroundJobServer|Starting Hangfire Server using job storage: 'SQL Server: (localdb)\MSSQLLocalDB@MyDB'
2022-01-14 15:15:16.9576|INFO|Hangfire.BackgroundJobServer|Using the following options for SQL Server job storage: Queue poll interval: 00:00:00.
2022-01-14 15:15:16.9822|INFO|Hangfire.BackgroundJobServer|Using the following options for Hangfire Server:
    Worker count: 20
    Listening queues: 'default'
    Shutdown timeout: 00:00:15
    Schedule polling interval: 00:00:15
2022-01-14 15:15:17.5476|INFO|Microsoft.Hosting.Lifetime|Application started. Press Ctrl+C to shut down.
2022-01-14 15:15:17.5627|INFO|Microsoft.Hosting.Lifetime|Hosting environment: Development
2022-01-14 15:15:17.5741|INFO|Microsoft.Hosting.Lifetime|Content root path: C:\Users\admin\Desktop\QualificationWork\Api\QualificationWork.Api
2022-01-14 15:15:17.6538|INFO|Hangfire.Server.BackgroundServerProcess|Server desktop-bhcmgte:13548:cc22c5e0 successfully announced in 598,9078 ms
2022-01-14 15:15:17.6774|INFO|Hangfire.Server.BackgroundServerProcess|Server desktop-bhcmgte:13548:cc22c5e0 is starting the registered dispatchers: ServerWatchdog, ServerJobCancellationWatcher, ExpirationManager, CountersAggregator, Worker, DelayedJobScheduler, RecurringJobScheduler...
2022-01-14 15:15:19.2064|INFO|Hangfire.Server.BackgroundServerProcess|Server desktop-bhcmgte:13548:cc22c5e0 all the dispatchers started
2022-01-14 15:16:38.5076|WARN|Microsoft.EntityFrameworkCore.Query|Compiling a query which loads related collections for more than one collection navigation either via 'Include' or through projection but no 'QuerySplittingBehavior' has been configured. By default Entity Framework will use 'QuerySplittingBehavior.SingleQuery' which can potentially result in slow query performance. See https://go.microsoft.com/fwlink/?linkid=2134277 for more information. To identify the query that's triggering this warning call 'ConfigureWarnings(w => w.Throw(RelationalEventId.MultipleCollectionIncludeWarning))'
2022-01-14 15:18:47.6253|WARN|Microsoft.EntityFrameworkCore.Query|Compiling a query which loads related collections for more than one collection navigation either via 'Include' or through projection but no 'QuerySplittingBehavior' has been configured. By default Entity Framework will use 'QuerySplittingBehavior.SingleQuery' which can potentially result in slow query performance. See https://go.microsoft.com/fwlink/?linkid=2134277 for more information. To identify the query that's triggering this warning call 'ConfigureWarnings(w => w.Throw(RelationalEventId.MultipleCollectionIncludeWarning))'
2022-01-14 15:18:47.6565|WARN|Microsoft.EntityFrameworkCore.Query|Compiling a query which loads related collections for more than one collection navigation either via 'Include' or through projection but no 'QuerySplittingBehavior' has been configured. By default Entity Framework will use 'QuerySplittingBehavior.SingleQuery' which can potentially result in slow query performance. See https://go.microsoft.com/fwlink/?linkid=2134277 for more information. To identify the query that's triggering this warning call 'ConfigureWarnings(w => w.Throw(RelationalEventId.MultipleCollectionIncludeWarning))'
2022-01-14 15:19:10.8068|WARN|Microsoft.EntityFrameworkCore.Query|Compiling a query which loads related collections for more than one collection navigation either via 'Include' or through projection but no 'QuerySplittingBehavior' has been configured. By default Entity Framework will use 'QuerySplittingBehavior.SingleQuery' which can potentially result in slow query performance. See https://go.microsoft.com/fwlink/?linkid=2134277 for more information. To identify the query that's triggering this warning call 'ConfigureWarnings(w => w.Throw(RelationalEventId.MultipleCollectionIncludeWarning))'
2022-01-14 15:20:17.8266|INFO|Hangfire.Server.ServerWatchdog|1 servers were removed due to timeout
2022-01-14 20:43:52.3037|INFO|Hangfire.SqlServer.SqlServerObjectsInstaller|Start installing Hangfire SQL objects...
2022-01-14 20:43:58.1080|INFO|Hangfire.SqlServer.SqlServerObjectsInstaller|Hangfire SQL objects installed.
2022-01-14 20:44:03.6240|INFO|Hangfire.BackgroundJobServer|Starting Hangfire Server using job storage: 'SQL Server: (localdb)\MSSQLLocalDB@MyDB'
2022-01-14 20:44:03.6508|INFO|Hangfire.BackgroundJobServer|Using the following options for SQL Server job storage: Queue poll interval: 00:00:00.
2022-01-14 20:44:03.6508|INFO|Hangfire.BackgroundJobServer|Using the following options for Hangfire Server:
    Worker count: 20
    Listening queues: 'default'
    Shutdown timeout: 00:00:15
    Schedule polling interval: 00:00:15
2022-01-14 20:44:04.8362|INFO|Microsoft.Hosting.Lifetime|Application started. Press Ctrl+C to shut down.
2022-01-14 20:44:04.8550|INFO|Microsoft.Hosting.Lifetime|Hosting environment: Development
2022-01-14 20:44:04.9107|INFO|Microsoft.Hosting.Lifetime|Content root path: C:\Users\admin\Desktop\QualificationWork\Api\QualificationWork.Api
2022-01-14 20:44:05.0415|INFO|Hangfire.Server.BackgroundServerProcess|Server desktop-bhcmgte:13660:73ea1175 successfully announced in 1270,6647 ms
2022-01-14 20:44:05.0843|INFO|Hangfire.Server.BackgroundServerProcess|Server desktop-bhcmgte:13660:73ea1175 is starting the registered dispatchers: ServerWatchdog, ServerJobCancellationWatcher, ExpirationManager, CountersAggregator, Worker, DelayedJobScheduler, RecurringJobScheduler...
2022-01-14 20:44:05.6790|INFO|Hangfire.Server.ServerWatchdog|1 servers were removed due to timeout
2022-01-14 20:44:06.1292|INFO|Hangfire.Server.BackgroundServerProcess|Server desktop-bhcmgte:13660:73ea1175 all the dispatchers started
2022-01-14 21:11:42.5574|INFO|Hangfire.SqlServer.SqlServerObjectsInstaller|Start installing Hangfire SQL objects...
2022-01-14 21:11:44.1485|INFO|Hangfire.SqlServer.SqlServerObjectsInstaller|Hangfire SQL objects installed.
2022-01-14 21:11:48.6128|INFO|Hangfire.BackgroundJobServer|Starting Hangfire Server using job storage: 'SQL Server: (localdb)\MSSQLLocalDB@MyDB'
2022-01-14 21:11:48.6641|INFO|Hangfire.BackgroundJobServer|Using the following options for SQL Server job storage: Queue poll interval: 00:00:00.
2022-01-14 21:11:48.7226|INFO|Hangfire.BackgroundJobServer|Using the following options for Hangfire Server:
    Worker count: 20
    Listening queues: 'default'
    Shutdown timeout: 00:00:15
    Schedule polling interval: 00:00:15
2022-01-14 21:11:49.4732|INFO|Microsoft.Hosting.Lifetime|Application started. Press Ctrl+C to shut down.
2022-01-14 21:11:49.5065|INFO|Microsoft.Hosting.Lifetime|Hosting environment: Development
2022-01-14 21:11:49.5265|INFO|Microsoft.Hosting.Lifetime|Content root path: C:\Users\admin\Desktop\QualificationWork\Api\QualificationWork.Api
2022-01-14 21:11:49.6916|INFO|Hangfire.Server.BackgroundServerProcess|Server desktop-bhcmgte:21524:e20d3226 successfully announced in 842,4606 ms
2022-01-14 21:11:49.7219|INFO|Hangfire.Server.BackgroundServerProcess|Server desktop-bhcmgte:21524:e20d3226 is starting the registered dispatchers: ServerWatchdog, ServerJobCancellationWatcher, ExpirationManager, CountersAggregator, Worker, DelayedJobScheduler, RecurringJobScheduler...
2022-01-14 21:11:49.8223|INFO|Hangfire.Server.ServerWatchdog|1 servers were removed due to timeout
2022-01-14 21:11:51.5795|INFO|Hangfire.Server.BackgroundServerProcess|Server desktop-bhcmgte:21524:e20d3226 all the dispatchers started
2022-01-14 21:12:10.4155|WARN|Microsoft.AspNetCore.Identity.UserManager|User is already in role Admin.
2022-01-14 21:22:08.5297|INFO|Hangfire.SqlServer.SqlServerObjectsInstaller|Start installing Hangfire SQL objects...
2022-01-14 21:22:09.4405|INFO|Hangfire.SqlServer.SqlServerObjectsInstaller|Hangfire SQL objects installed.
2022-01-14 21:22:14.4671|INFO|Hangfire.BackgroundJobServer|Starting Hangfire Server using job storage: 'SQL Server: (localdb)\MSSQLLocalDB@MyDB'
2022-01-14 21:22:14.4980|INFO|Hangfire.BackgroundJobServer|Using the following options for SQL Server job storage: Queue poll interval: 00:00:00.
2022-01-14 21:22:14.5475|INFO|Hangfire.BackgroundJobServer|Using the following options for Hangfire Server:
    Worker count: 20
    Listening queues: 'default'
    Shutdown timeout: 00:00:15
    Schedule polling interval: 00:00:15
2022-01-14 21:22:15.2300|INFO|Microsoft.Hosting.Lifetime|Application started. Press Ctrl+C to shut down.
2022-01-14 21:22:15.2419|INFO|Microsoft.Hosting.Lifetime|Hosting environment: Development
2022-01-14 21:22:15.2419|INFO|Microsoft.Hosting.Lifetime|Content root path: C:\Users\admin\Desktop\QualificationWork\Api\QualificationWork.Api
2022-01-14 21:22:15.7471|INFO|Hangfire.Server.BackgroundServerProcess|Server desktop-bhcmgte:10672:4fcd0e73 successfully announced in 1027,3896 ms
2022-01-14 21:22:16.1251|INFO|Hangfire.Server.BackgroundServerProcess|Server desktop-bhcmgte:10672:4fcd0e73 is starting the registered dispatchers: ServerWatchdog, ServerJobCancellationWatcher, ExpirationManager, CountersAggregator, Worker, DelayedJobScheduler, RecurringJobScheduler...
2022-01-14 21:22:16.2988|INFO|Hangfire.Server.ServerWatchdog|1 servers were removed due to timeout
2022-01-14 21:22:17.8560|INFO|Hangfire.Server.BackgroundServerProcess|Server desktop-bhcmgte:10672:4fcd0e73 all the dispatchers started
2022-01-14 21:31:53.2746|INFO|Hangfire.SqlServer.SqlServerObjectsInstaller|Start installing Hangfire SQL objects...
2022-01-14 21:31:56.9758|INFO|Hangfire.SqlServer.SqlServerObjectsInstaller|Hangfire SQL objects installed.
2022-01-14 21:32:02.7993|INFO|Hangfire.BackgroundJobServer|Starting Hangfire Server using job storage: 'SQL Server: (localdb)\MSSQLLocalDB@MyDB'
2022-01-14 21:32:02.8522|INFO|Hangfire.BackgroundJobServer|Using the following options for SQL Server job storage: Queue poll interval: 00:00:00.
2022-01-14 21:32:02.8913|INFO|Hangfire.BackgroundJobServer|Using the following options for Hangfire Server:
    Worker count: 20
    Listening queues: 'default'
    Shutdown timeout: 00:00:15
    Schedule polling interval: 00:00:15
2022-01-14 21:32:03.9378|INFO|Microsoft.Hosting.Lifetime|Application started. Press Ctrl+C to shut down.
2022-01-14 21:32:03.9717|INFO|Microsoft.Hosting.Lifetime|Hosting environment: Development
2022-01-14 21:32:03.9833|INFO|Microsoft.Hosting.Lifetime|Content root path: C:\Users\admin\Desktop\QualificationWork\Api\QualificationWork.Api
2022-01-14 21:32:04.3327|INFO|Hangfire.Server.BackgroundServerProcess|Server desktop-bhcmgte:21560:da11035d successfully announced in 1342,652 ms
2022-01-14 21:32:04.4241|INFO|Hangfire.Server.BackgroundServerProcess|Server desktop-bhcmgte:21560:da11035d is starting the registered dispatchers: ServerWatchdog, ServerJobCancellationWatcher, ExpirationManager, CountersAggregator, Worker, DelayedJobScheduler, RecurringJobScheduler...
2022-01-14 21:32:05.1345|INFO|Hangfire.Server.ServerWatchdog|1 servers were removed due to timeout
2022-01-14 21:32:06.8723|INFO|Hangfire.Server.BackgroundServerProcess|Server desktop-bhcmgte:21560:da11035d all the dispatchers started
2022-01-14 21:32:18.2058|WARN|Microsoft.EntityFrameworkCore.Query|Compiling a query which loads related collections for more than one collection navigation either via 'Include' or through projection but no 'QuerySplittingBehavior' has been configured. By default Entity Framework will use 'QuerySplittingBehavior.SingleQuery' which can potentially result in slow query performance. See https://go.microsoft.com/fwlink/?linkid=2134277 for more information. To identify the query that's triggering this warning call 'ConfigureWarnings(w => w.Throw(RelationalEventId.MultipleCollectionIncludeWarning))'
2022-01-14 21:32:18.2058|WARN|Microsoft.EntityFrameworkCore.Query|Compiling a query which loads related collections for more than one collection navigation either via 'Include' or through projection but no 'QuerySplittingBehavior' has been configured. By default Entity Framework will use 'QuerySplittingBehavior.SingleQuery' which can potentially result in slow query performance. See https://go.microsoft.com/fwlink/?linkid=2134277 for more information. To identify the query that's triggering this warning call 'ConfigureWarnings(w => w.Throw(RelationalEventId.MultipleCollectionIncludeWarning))'
2022-01-14 21:32:24.8537|WARN|Microsoft.EntityFrameworkCore.Query|Compiling a query which loads related collections for more than one collection navigation either via 'Include' or through projection but no 'QuerySplittingBehavior' has been configured. By default Entity Framework will use 'QuerySplittingBehavior.SingleQuery' which can potentially result in slow query performance. See https://go.microsoft.com/fwlink/?linkid=2134277 for more information. To identify the query that's triggering this warning call 'ConfigureWarnings(w => w.Throw(RelationalEventId.MultipleCollectionIncludeWarning))'
2022-01-14 21:35:09.7259|WARN|Microsoft.EntityFrameworkCore.Query|Compiling a query which loads related collections for more than one collection navigation either via 'Include' or through projection but no 'QuerySplittingBehavior' has been configured. By default Entity Framework will use 'QuerySplittingBehavior.SingleQuery' which can potentially result in slow query performance. See https://go.microsoft.com/fwlink/?linkid=2134277 for more information. To identify the query that's triggering this warning call 'ConfigureWarnings(w => w.Throw(RelationalEventId.MultipleCollectionIncludeWarning))'
2022-01-14 21:49:13.3754|INFO|Hangfire.SqlServer.SqlServerObjectsInstaller|Start installing Hangfire SQL objects...
2022-01-14 21:49:15.0380|INFO|Hangfire.SqlServer.SqlServerObjectsInstaller|Hangfire SQL objects installed.
2022-01-14 21:49:19.2119|INFO|Hangfire.BackgroundJobServer|Starting Hangfire Server using job storage: 'SQL Server: (localdb)\MSSQLLocalDB@MyDB'
2022-01-14 21:49:19.2119|INFO|Hangfire.BackgroundJobServer|Using the following options for SQL Server job storage: Queue poll interval: 00:00:00.
2022-01-14 21:49:19.2379|INFO|Hangfire.BackgroundJobServer|Using the following options for Hangfire Server:
    Worker count: 20
    Listening queues: 'default'
    Shutdown timeout: 00:00:15
    Schedule polling interval: 00:00:15
2022-01-14 21:49:19.9712|INFO|Microsoft.Hosting.Lifetime|Application started. Press Ctrl+C to shut down.
2022-01-14 21:49:19.9784|INFO|Microsoft.Hosting.Lifetime|Hosting environment: Development
2022-01-14 21:49:19.9950|INFO|Microsoft.Hosting.Lifetime|Content root path: C:\Users\admin\Desktop\QualificationWork\Api\QualificationWork.Api
2022-01-14 21:49:20.0281|INFO|Hangfire.Server.BackgroundServerProcess|Server desktop-bhcmgte:13204:3f8e4405 successfully announced in 719,5224 ms
2022-01-14 21:49:20.0874|INFO|Hangfire.Server.BackgroundServerProcess|Server desktop-bhcmgte:13204:3f8e4405 is starting the registered dispatchers: ServerWatchdog, ServerJobCancellationWatcher, ExpirationManager, CountersAggregator, Worker, DelayedJobScheduler, RecurringJobScheduler...
2022-01-14 21:49:20.2872|INFO|Hangfire.Server.ServerWatchdog|1 servers were removed due to timeout
2022-01-14 21:49:21.7586|INFO|Hangfire.Server.BackgroundServerProcess|Server desktop-bhcmgte:13204:3f8e4405 all the dispatchers started
2022-01-14 21:55:07.8763|WARN|Microsoft.EntityFrameworkCore.Query|Compiling a query which loads related collections for more than one collection navigation either via 'Include' or through projection but no 'QuerySplittingBehavior' has been configured. By default Entity Framework will use 'QuerySplittingBehavior.SingleQuery' which can potentially result in slow query performance. See https://go.microsoft.com/fwlink/?linkid=2134277 for more information. To identify the query that's triggering this warning call 'ConfigureWarnings(w => w.Throw(RelationalEventId.MultipleCollectionIncludeWarning))'
2022-01-14 21:55:07.8763|WARN|Microsoft.EntityFrameworkCore.Query|Compiling a query which loads related collections for more than one collection navigation either via 'Include' or through projection but no 'QuerySplittingBehavior' has been configured. By default Entity Framework will use 'QuerySplittingBehavior.SingleQuery' which can potentially result in slow query performance. See https://go.microsoft.com/fwlink/?linkid=2134277 for more information. To identify the query that's triggering this warning call 'ConfigureWarnings(w => w.Throw(RelationalEventId.MultipleCollectionIncludeWarning))'
