2022-02-03 19:30:38.4525|INFO|Hangfire.SqlServer.SqlServerObjectsInstaller|Start installing Hangfire SQL objects...
2022-02-03 19:31:18.5346|INFO|Hangfire.SqlServer.SqlServerObjectsInstaller|Start installing Hangfire SQL objects...
2022-02-03 19:31:33.6303|WARN|Hangfire.SqlServer.SqlServerObjectsInstaller|An exception occurred while trying to perform the migration. Retrying...
2022-02-03 19:31:33.7061|WARN|Hangfire.SqlServer.SqlServerObjectsInstaller|An exception occurred while trying to perform the migration. Retrying...
2022-02-03 19:31:33.7769|WARN|Hangfire.SqlServer.SqlServerObjectsInstaller|An exception occurred while trying to perform the migration.
2022-02-03 19:31:33.8023|WARN|Hangfire.SqlServer.SqlServerObjectsInstaller|Was unable to perform the Hangfire schema migration due to an exception. Ignore this message unless you've just installed or upgraded Hangfire.
2022-02-03 19:31:51.1811|ERROR|Microsoft.EntityFrameworkCore.Database.Connection|An error occurred using the connection to database 'MyDB' on server '(localdb)\MSSQLLocalDB'.
2022-02-03 19:31:51.2767|ERROR|Microsoft.EntityFrameworkCore.Query|An exception occurred while iterating over the results of a query for context type 'QualificationWork.DAL.ApplicationContext'.
Microsoft.Data.SqlClient.SqlException (0x80131904): A network-related or instance-specific error occurred while establishing a connection to SQL Server. The server was not found or was not accessible. Verify that the instance name is correct and that SQL Server is configured to allow remote connections. (provider: SNI_PN11, error: 50 - Local Database Runtime error occurred. Во время запуска экземпляра LocalDB произошла ошибка: ошибка запуска процесса SQL Server.
)
 ---> System.ComponentModel.Win32Exception (0x89C5010A): Unknown error (0x89c5010a)
   at Microsoft.Data.SqlClient.SqlInternalConnection.OnError(SqlException exception, Boolean breakConnection, Action`1 wrapCloseInAction)
   at Microsoft.Data.SqlClient.TdsParser.ThrowExceptionAndWarning(TdsParserStateObject stateObj, Boolean callerHasConnectionLock, Boolean asyncClose)
   at Microsoft.Data.SqlClient.TdsParser.Connect(ServerInfo serverInfo, SqlInternalConnectionTds connHandler, Boolean ignoreSniOpenTimeout, Int64 timerExpire, Boolean encrypt, Boolean trustServerCert, Boolean integratedSecurity, Boolean withFailover, SqlAuthenticationMethod authType)
   at Microsoft.Data.SqlClient.SqlInternalConnectionTds.AttemptOneLogin(ServerInfo serverInfo, String newPassword, SecureString newSecurePassword, Boolean ignoreSniOpenTimeout, TimeoutTimer timeout, Boolean withFailover)
   at Microsoft.Data.SqlClient.SqlInternalConnectionTds.LoginNoFailover(ServerInfo serverInfo, String newPassword, SecureString newSecurePassword, Boolean redirectedUserInstance, SqlConnectionString connectionOptions, SqlCredential credential, TimeoutTimer timeout)
   at Microsoft.Data.SqlClient.SqlInternalConnectionTds.OpenLoginEnlist(TimeoutTimer timeout, SqlConnectionString connectionOptions, SqlCredential credential, String newPassword, SecureString newSecurePassword, Boolean redirectedUserInstance)
   at Microsoft.Data.SqlClient.SqlInternalConnectionTds..ctor(DbConnectionPoolIdentity identity, SqlConnectionString connectionOptions, SqlCredential credential, Object providerInfo, String newPassword, SecureString newSecurePassword, Boolean redirectedUserInstance, SqlConnectionString userConnectionOptions, SessionData reconnectSessionData, Boolean applyTransientFaultHandling, String accessToken, DbConnectionPool pool)
   at Microsoft.Data.SqlClient.SqlConnectionFactory.CreateConnection(DbConnectionOptions options, DbConnectionPoolKey poolKey, Object poolGroupProviderInfo, DbConnectionPool pool, DbConnection owningConnection, DbConnectionOptions userOptions)
   at Microsoft.Data.ProviderBase.DbConnectionFactory.CreatePooledConnection(DbConnectionPool pool, DbConnection owningObject, DbConnectionOptions options, DbConnectionPoolKey poolKey, DbConnectionOptions userOptions)
   at Microsoft.Data.ProviderBase.DbConnectionPool.CreateObject(DbConnection owningObject, DbConnectionOptions userOptions, DbConnectionInternal oldConnection)
   at Microsoft.Data.ProviderBase.DbConnectionPool.UserCreateRequest(DbConnection owningObject, DbConnectionOptions userOptions, DbConnectionInternal oldConnection)
   at Microsoft.Data.ProviderBase.DbConnectionPool.TryGetConnection(DbConnection owningObject, UInt32 waitForMultipleObjectsTimeout, Boolean allowCreate, Boolean onlyOneCheckConnection, DbConnectionOptions userOptions, DbConnectionInternal& connection)
   at Microsoft.Data.ProviderBase.DbConnectionPool.WaitForPendingOpen()
--- End of stack trace from previous location ---
   at Microsoft.EntityFrameworkCore.Storage.RelationalConnection.OpenInternalAsync(Boolean errorsExpected, CancellationToken cancellationToken)
   at Microsoft.EntityFrameworkCore.Storage.RelationalConnection.OpenInternalAsync(Boolean errorsExpected, CancellationToken cancellationToken)
   at Microsoft.EntityFrameworkCore.Storage.RelationalConnection.OpenAsync(CancellationToken cancellationToken, Boolean errorsExpected)
   at Microsoft.EntityFrameworkCore.Storage.RelationalCommand.ExecuteReaderAsync(RelationalCommandParameterObject parameterObject, CancellationToken cancellationToken)
   at Microsoft.EntityFrameworkCore.Query.Internal.SingleQueryingEnumerable`1.AsyncEnumerator.InitializeReaderAsync(DbContext _, Boolean result, CancellationToken cancellationToken)
   at Microsoft.EntityFrameworkCore.SqlServer.Storage.Internal.SqlServerExecutionStrategy.ExecuteAsync[TState,TResult](TState state, Func`4 operation, Func`4 verifySucceeded, CancellationToken cancellationToken)
   at Microsoft.EntityFrameworkCore.Query.Internal.SingleQueryingEnumerable`1.AsyncEnumerator.MoveNextAsync()
ClientConnectionId:00000000-0000-0000-0000-000000000000
Error Number:-1983577846,State:0,Class:20
2022-02-03 19:39:45.7642|INFO|Hangfire.SqlServer.SqlServerObjectsInstaller|Start installing Hangfire SQL objects...
2022-02-03 19:39:54.0281|INFO|Hangfire.SqlServer.SqlServerObjectsInstaller|Hangfire SQL objects installed.
2022-02-03 19:40:04.5782|INFO|Hangfire.BackgroundJobServer|Starting Hangfire Server using job storage: 'SQL Server: (localdb)\MSSQLLocalDB@MyDB'
2022-02-03 19:40:04.6090|INFO|Hangfire.BackgroundJobServer|Using the following options for SQL Server job storage: Queue poll interval: 00:00:00.
2022-02-03 19:40:04.6576|INFO|Hangfire.BackgroundJobServer|Using the following options for Hangfire Server:
    Worker count: 20
    Listening queues: 'default'
    Shutdown timeout: 00:00:15
    Schedule polling interval: 00:00:15
2022-02-03 19:40:06.5020|INFO|Microsoft.Hosting.Lifetime|Application started. Press Ctrl+C to shut down.
2022-02-03 19:40:06.5264|INFO|Hangfire.Server.BackgroundServerProcess|Server desktop-bhcmgte:13696:5604c7ee successfully announced in 1610,3183 ms
2022-02-03 19:40:06.6384|INFO|Microsoft.Hosting.Lifetime|Hosting environment: Development
2022-02-03 19:40:06.6555|INFO|Hangfire.Server.BackgroundServerProcess|Server desktop-bhcmgte:13696:5604c7ee is starting the registered dispatchers: ServerWatchdog, ServerJobCancellationWatcher, ExpirationManager, CountersAggregator, Worker, DelayedJobScheduler, RecurringJobScheduler...
2022-02-03 19:40:06.6742|INFO|Microsoft.Hosting.Lifetime|Content root path: C:\Users\admin\Desktop\QualificationWork\Api\QualificationWork.Api
2022-02-03 19:40:06.9111|INFO|Hangfire.Server.ServerWatchdog|2 servers were removed due to timeout
2022-02-03 19:40:08.3823|INFO|Hangfire.Server.BackgroundServerProcess|Server desktop-bhcmgte:13696:5604c7ee all the dispatchers started
2022-02-03 19:47:47.2245|INFO|Hangfire.SqlServer.SqlServerObjectsInstaller|Start installing Hangfire SQL objects...
2022-02-03 19:47:52.9091|INFO|Hangfire.SqlServer.SqlServerObjectsInstaller|Hangfire SQL objects installed.
2022-02-03 19:47:58.2908|INFO|Hangfire.BackgroundJobServer|Starting Hangfire Server using job storage: 'SQL Server: (localdb)\MSSQLLocalDB@MyDB'
2022-02-03 19:47:58.2908|INFO|Hangfire.BackgroundJobServer|Using the following options for SQL Server job storage: Queue poll interval: 00:00:00.
2022-02-03 19:47:58.3291|INFO|Hangfire.BackgroundJobServer|Using the following options for Hangfire Server:
    Worker count: 20
    Listening queues: 'default'
    Shutdown timeout: 00:00:15
    Schedule polling interval: 00:00:15
2022-02-03 19:47:59.7333|INFO|Microsoft.Hosting.Lifetime|Application started. Press Ctrl+C to shut down.
2022-02-03 19:47:59.7963|INFO|Microsoft.Hosting.Lifetime|Hosting environment: Development
2022-02-03 19:47:59.8802|INFO|Microsoft.Hosting.Lifetime|Content root path: C:\Users\admin\Desktop\QualificationWork\Api\QualificationWork.Api
2022-02-03 19:48:00.2338|INFO|Hangfire.Server.BackgroundServerProcess|Server desktop-bhcmgte:20064:33217dd3 successfully announced in 1512,3433 ms
2022-02-03 19:48:00.4540|INFO|Hangfire.Server.BackgroundServerProcess|Server desktop-bhcmgte:20064:33217dd3 is starting the registered dispatchers: ServerWatchdog, ServerJobCancellationWatcher, ExpirationManager, CountersAggregator, Worker, DelayedJobScheduler, RecurringJobScheduler...
2022-02-03 19:48:03.0277|INFO|Hangfire.Server.BackgroundServerProcess|Server desktop-bhcmgte:20064:33217dd3 all the dispatchers started
2022-02-03 19:53:00.6988|INFO|Hangfire.Server.ServerWatchdog|1 servers were removed due to timeout
2022-02-03 20:55:10.6934|WARN|Microsoft.AspNetCore.Identity.UserManager|User is already in role Admin.
2022-02-03 20:55:30.0998|WARN|Microsoft.EntityFrameworkCore.Query|The query uses a row limiting operator ('Skip'/'Take') without an 'OrderBy' operator. This may lead to unpredictable results.
2022-02-03 20:55:30.0998|WARN|Microsoft.EntityFrameworkCore.Query|The query uses a row limiting operator ('Skip'/'Take') without an 'OrderBy' operator. This may lead to unpredictable results.
2022-02-03 20:55:30.1148|WARN|Microsoft.EntityFrameworkCore.Query|The query uses a row limiting operator ('Skip'/'Take') without an 'OrderBy' operator. This may lead to unpredictable results.
2022-02-03 20:55:30.1380|WARN|Microsoft.EntityFrameworkCore.Query|The query uses a row limiting operator ('Skip'/'Take') without an 'OrderBy' operator. This may lead to unpredictable results.
2022-02-03 20:55:30.1515|WARN|Microsoft.EntityFrameworkCore.Query|Compiling a query which loads related collections for more than one collection navigation either via 'Include' or through projection but no 'QuerySplittingBehavior' has been configured. By default Entity Framework will use 'QuerySplittingBehavior.SingleQuery' which can potentially result in slow query performance. See https://go.microsoft.com/fwlink/?linkid=2134277 for more information. To identify the query that's triggering this warning call 'ConfigureWarnings(w => w.Throw(RelationalEventId.MultipleCollectionIncludeWarning))'
2022-02-03 20:55:30.1515|WARN|Microsoft.EntityFrameworkCore.Query|Compiling a query which loads related collections for more than one collection navigation either via 'Include' or through projection but no 'QuerySplittingBehavior' has been configured. By default Entity Framework will use 'QuerySplittingBehavior.SingleQuery' which can potentially result in slow query performance. See https://go.microsoft.com/fwlink/?linkid=2134277 for more information. To identify the query that's triggering this warning call 'ConfigureWarnings(w => w.Throw(RelationalEventId.MultipleCollectionIncludeWarning))'
2022-02-03 20:55:50.8639|WARN|Microsoft.EntityFrameworkCore.Query|Compiling a query which loads related collections for more than one collection navigation either via 'Include' or through projection but no 'QuerySplittingBehavior' has been configured. By default Entity Framework will use 'QuerySplittingBehavior.SingleQuery' which can potentially result in slow query performance. See https://go.microsoft.com/fwlink/?linkid=2134277 for more information. To identify the query that's triggering this warning call 'ConfigureWarnings(w => w.Throw(RelationalEventId.MultipleCollectionIncludeWarning))'
2022-02-03 20:56:34.5025|WARN|Microsoft.EntityFrameworkCore.Query|Compiling a query which loads related collections for more than one collection navigation either via 'Include' or through projection but no 'QuerySplittingBehavior' has been configured. By default Entity Framework will use 'QuerySplittingBehavior.SingleQuery' which can potentially result in slow query performance. See https://go.microsoft.com/fwlink/?linkid=2134277 for more information. To identify the query that's triggering this warning call 'ConfigureWarnings(w => w.Throw(RelationalEventId.MultipleCollectionIncludeWarning))'
2022-02-03 21:07:00.3982|WARN|Microsoft.EntityFrameworkCore.Query|The query uses a row limiting operator ('Skip'/'Take') without an 'OrderBy' operator. This may lead to unpredictable results.
2022-02-03 21:07:00.4192|WARN|Microsoft.EntityFrameworkCore.Query|The query uses a row limiting operator ('Skip'/'Take') without an 'OrderBy' operator. This may lead to unpredictable results.
2022-02-03 21:07:00.4392|WARN|Microsoft.EntityFrameworkCore.Query|Compiling a query which loads related collections for more than one collection navigation either via 'Include' or through projection but no 'QuerySplittingBehavior' has been configured. By default Entity Framework will use 'QuerySplittingBehavior.SingleQuery' which can potentially result in slow query performance. See https://go.microsoft.com/fwlink/?linkid=2134277 for more information. To identify the query that's triggering this warning call 'ConfigureWarnings(w => w.Throw(RelationalEventId.MultipleCollectionIncludeWarning))'
2022-02-03 21:07:21.9015|WARN|Microsoft.EntityFrameworkCore.Query|The query uses a row limiting operator ('Skip'/'Take') without an 'OrderBy' operator. This may lead to unpredictable results.
2022-02-03 21:07:21.9015|WARN|Microsoft.EntityFrameworkCore.Query|The query uses a row limiting operator ('Skip'/'Take') without an 'OrderBy' operator. This may lead to unpredictable results.
2022-02-03 21:07:21.9302|WARN|Microsoft.EntityFrameworkCore.Query|Compiling a query which loads related collections for more than one collection navigation either via 'Include' or through projection but no 'QuerySplittingBehavior' has been configured. By default Entity Framework will use 'QuerySplittingBehavior.SingleQuery' which can potentially result in slow query performance. See https://go.microsoft.com/fwlink/?linkid=2134277 for more information. To identify the query that's triggering this warning call 'ConfigureWarnings(w => w.Throw(RelationalEventId.MultipleCollectionIncludeWarning))'
2022-02-03 21:19:12.2842|WARN|Microsoft.EntityFrameworkCore.Query|Compiling a query which loads related collections for more than one collection navigation either via 'Include' or through projection but no 'QuerySplittingBehavior' has been configured. By default Entity Framework will use 'QuerySplittingBehavior.SingleQuery' which can potentially result in slow query performance. See https://go.microsoft.com/fwlink/?linkid=2134277 for more information. To identify the query that's triggering this warning call 'ConfigureWarnings(w => w.Throw(RelationalEventId.MultipleCollectionIncludeWarning))'
2022-02-03 21:52:52.6094|INFO|Hangfire.SqlServer.SqlServerObjectsInstaller|Start installing Hangfire SQL objects...
2022-02-03 21:53:00.3021|INFO|Hangfire.SqlServer.SqlServerObjectsInstaller|Hangfire SQL objects installed.
2022-02-03 21:53:02.9350|INFO|Hangfire.BackgroundJobServer|Starting Hangfire Server using job storage: 'SQL Server: (localdb)\MSSQLLocalDB@MyDB'
2022-02-03 21:53:02.9350|INFO|Hangfire.BackgroundJobServer|Using the following options for SQL Server job storage: Queue poll interval: 00:00:00.
2022-02-03 21:53:02.9535|INFO|Hangfire.BackgroundJobServer|Using the following options for Hangfire Server:
    Worker count: 20
    Listening queues: 'default'
    Shutdown timeout: 00:00:15
    Schedule polling interval: 00:00:15
2022-02-03 21:53:03.6031|INFO|Hangfire.Server.BackgroundServerProcess|Server desktop-bhcmgte:10168:26df641a successfully announced in 538,2678 ms
2022-02-03 21:53:03.6234|INFO|Hangfire.Server.BackgroundServerProcess|Server desktop-bhcmgte:10168:26df641a is starting the registered dispatchers: ServerWatchdog, ServerJobCancellationWatcher, ExpirationManager, CountersAggregator, Worker, DelayedJobScheduler, RecurringJobScheduler...
2022-02-03 21:53:03.7032|INFO|Hangfire.Server.ServerWatchdog|1 servers were removed due to timeout
2022-02-03 21:53:04.5825|INFO|Hangfire.Server.BackgroundServerProcess|Server desktop-bhcmgte:10168:26df641a all the dispatchers started
2022-02-03 21:53:04.9763|INFO|Microsoft.Hosting.Lifetime|Application started. Press Ctrl+C to shut down.
2022-02-03 21:53:05.0206|INFO|Microsoft.Hosting.Lifetime|Hosting environment: Development
2022-02-03 21:53:05.0206|INFO|Microsoft.Hosting.Lifetime|Content root path: C:\Users\admin\Desktop\QualificationWork\Api\QualificationWork.Api
2022-02-03 21:53:19.1986|WARN|Microsoft.EntityFrameworkCore.Query|Compiling a query which loads related collections for more than one collection navigation either via 'Include' or through projection but no 'QuerySplittingBehavior' has been configured. By default Entity Framework will use 'QuerySplittingBehavior.SingleQuery' which can potentially result in slow query performance. See https://go.microsoft.com/fwlink/?linkid=2134277 for more information. To identify the query that's triggering this warning call 'ConfigureWarnings(w => w.Throw(RelationalEventId.MultipleCollectionIncludeWarning))'
2022-02-03 21:53:19.1986|WARN|Microsoft.EntityFrameworkCore.Query|Compiling a query which loads related collections for more than one collection navigation either via 'Include' or through projection but no 'QuerySplittingBehavior' has been configured. By default Entity Framework will use 'QuerySplittingBehavior.SingleQuery' which can potentially result in slow query performance. See https://go.microsoft.com/fwlink/?linkid=2134277 for more information. To identify the query that's triggering this warning call 'ConfigureWarnings(w => w.Throw(RelationalEventId.MultipleCollectionIncludeWarning))'
2022-02-03 22:09:46.0054|INFO|Hangfire.SqlServer.SqlServerObjectsInstaller|Start installing Hangfire SQL objects...
2022-02-03 22:09:49.4209|INFO|Hangfire.SqlServer.SqlServerObjectsInstaller|Hangfire SQL objects installed.
2022-02-03 22:09:52.3885|INFO|Hangfire.BackgroundJobServer|Starting Hangfire Server using job storage: 'SQL Server: (localdb)\MSSQLLocalDB@MyDB'
2022-02-03 22:09:52.4011|INFO|Hangfire.BackgroundJobServer|Using the following options for SQL Server job storage: Queue poll interval: 00:00:00.
2022-02-03 22:09:52.4157|INFO|Hangfire.BackgroundJobServer|Using the following options for Hangfire Server:
    Worker count: 20
    Listening queues: 'default'
    Shutdown timeout: 00:00:15
    Schedule polling interval: 00:00:15
2022-02-03 22:09:52.9995|INFO|Microsoft.Hosting.Lifetime|Application started. Press Ctrl+C to shut down.
2022-02-03 22:09:53.0354|INFO|Microsoft.Hosting.Lifetime|Hosting environment: Development
2022-02-03 22:09:53.0423|INFO|Microsoft.Hosting.Lifetime|Content root path: C:\Users\admin\Desktop\QualificationWork\Api\QualificationWork.Api
2022-02-03 22:09:53.0629|INFO|Hangfire.Server.BackgroundServerProcess|Server desktop-bhcmgte:9732:c0e80d45 successfully announced in 585,8318 ms
2022-02-03 22:09:53.0814|INFO|Hangfire.Server.BackgroundServerProcess|Server desktop-bhcmgte:9732:c0e80d45 is starting the registered dispatchers: ServerWatchdog, ServerJobCancellationWatcher, ExpirationManager, CountersAggregator, Worker, DelayedJobScheduler, RecurringJobScheduler...
2022-02-03 22:09:53.1891|INFO|Hangfire.Server.ServerWatchdog|1 servers were removed due to timeout
2022-02-03 22:09:54.0167|INFO|Hangfire.Server.BackgroundServerProcess|Server desktop-bhcmgte:9732:c0e80d45 all the dispatchers started
2022-02-03 22:10:37.0989|WARN|Microsoft.EntityFrameworkCore.Query|Compiling a query which loads related collections for more than one collection navigation either via 'Include' or through projection but no 'QuerySplittingBehavior' has been configured. By default Entity Framework will use 'QuerySplittingBehavior.SingleQuery' which can potentially result in slow query performance. See https://go.microsoft.com/fwlink/?linkid=2134277 for more information. To identify the query that's triggering this warning call 'ConfigureWarnings(w => w.Throw(RelationalEventId.MultipleCollectionIncludeWarning))'
2022-02-03 22:10:40.3703|WARN|Microsoft.EntityFrameworkCore.Query|Compiling a query which loads related collections for more than one collection navigation either via 'Include' or through projection but no 'QuerySplittingBehavior' has been configured. By default Entity Framework will use 'QuerySplittingBehavior.SingleQuery' which can potentially result in slow query performance. See https://go.microsoft.com/fwlink/?linkid=2134277 for more information. To identify the query that's triggering this warning call 'ConfigureWarnings(w => w.Throw(RelationalEventId.MultipleCollectionIncludeWarning))'
2022-02-03 22:12:04.0248|WARN|Microsoft.EntityFrameworkCore.Query|The query uses a row limiting operator ('Skip'/'Take') without an 'OrderBy' operator. This may lead to unpredictable results.
2022-02-03 22:12:04.0382|WARN|Microsoft.EntityFrameworkCore.Query|The query uses a row limiting operator ('Skip'/'Take') without an 'OrderBy' operator. This may lead to unpredictable results.
2022-02-03 22:12:04.0382|WARN|Microsoft.EntityFrameworkCore.Query|The query uses a row limiting operator ('Skip'/'Take') without an 'OrderBy' operator. This may lead to unpredictable results.
2022-02-03 22:12:04.0567|WARN|Microsoft.EntityFrameworkCore.Query|The query uses a row limiting operator ('Skip'/'Take') without an 'OrderBy' operator. This may lead to unpredictable results.
2022-02-03 22:12:04.0567|WARN|Microsoft.EntityFrameworkCore.Query|Compiling a query which loads related collections for more than one collection navigation either via 'Include' or through projection but no 'QuerySplittingBehavior' has been configured. By default Entity Framework will use 'QuerySplittingBehavior.SingleQuery' which can potentially result in slow query performance. See https://go.microsoft.com/fwlink/?linkid=2134277 for more information. To identify the query that's triggering this warning call 'ConfigureWarnings(w => w.Throw(RelationalEventId.MultipleCollectionIncludeWarning))'
2022-02-03 22:12:04.0747|WARN|Microsoft.EntityFrameworkCore.Query|Compiling a query which loads related collections for more than one collection navigation either via 'Include' or through projection but no 'QuerySplittingBehavior' has been configured. By default Entity Framework will use 'QuerySplittingBehavior.SingleQuery' which can potentially result in slow query performance. See https://go.microsoft.com/fwlink/?linkid=2134277 for more information. To identify the query that's triggering this warning call 'ConfigureWarnings(w => w.Throw(RelationalEventId.MultipleCollectionIncludeWarning))'
2022-02-03 22:13:27.3825|INFO|Hangfire.SqlServer.SqlServerObjectsInstaller|Start installing Hangfire SQL objects...
2022-02-03 22:13:28.1832|INFO|Hangfire.SqlServer.SqlServerObjectsInstaller|Hangfire SQL objects installed.
2022-02-03 22:13:31.4871|INFO|Hangfire.BackgroundJobServer|Starting Hangfire Server using job storage: 'SQL Server: (localdb)\MSSQLLocalDB@MyDB'
2022-02-03 22:13:31.5019|INFO|Hangfire.BackgroundJobServer|Using the following options for SQL Server job storage: Queue poll interval: 00:00:00.
2022-02-03 22:13:31.5190|INFO|Hangfire.BackgroundJobServer|Using the following options for Hangfire Server:
    Worker count: 20
    Listening queues: 'default'
    Shutdown timeout: 00:00:15
    Schedule polling interval: 00:00:15
2022-02-03 22:13:32.0938|INFO|Microsoft.Hosting.Lifetime|Application started. Press Ctrl+C to shut down.
2022-02-03 22:13:32.0996|INFO|Microsoft.Hosting.Lifetime|Hosting environment: Development
2022-02-03 22:13:32.1166|INFO|Microsoft.Hosting.Lifetime|Content root path: C:\Users\admin\Desktop\QualificationWork\Api\QualificationWork.Api
2022-02-03 22:13:32.1410|INFO|Hangfire.Server.BackgroundServerProcess|Server desktop-bhcmgte:13984:eeb5e5af successfully announced in 556,5711 ms
2022-02-03 22:13:32.1708|INFO|Hangfire.Server.BackgroundServerProcess|Server desktop-bhcmgte:13984:eeb5e5af is starting the registered dispatchers: ServerWatchdog, ServerJobCancellationWatcher, ExpirationManager, CountersAggregator, Worker, DelayedJobScheduler, RecurringJobScheduler...
2022-02-03 22:13:33.3008|INFO|Hangfire.Server.BackgroundServerProcess|Server desktop-bhcmgte:13984:eeb5e5af all the dispatchers started
2022-02-03 22:13:52.5999|WARN|Microsoft.EntityFrameworkCore.Query|Compiling a query which loads related collections for more than one collection navigation either via 'Include' or through projection but no 'QuerySplittingBehavior' has been configured. By default Entity Framework will use 'QuerySplittingBehavior.SingleQuery' which can potentially result in slow query performance. See https://go.microsoft.com/fwlink/?linkid=2134277 for more information. To identify the query that's triggering this warning call 'ConfigureWarnings(w => w.Throw(RelationalEventId.MultipleCollectionIncludeWarning))'
2022-02-03 22:13:52.5999|WARN|Microsoft.EntityFrameworkCore.Query|Compiling a query which loads related collections for more than one collection navigation either via 'Include' or through projection but no 'QuerySplittingBehavior' has been configured. By default Entity Framework will use 'QuerySplittingBehavior.SingleQuery' which can potentially result in slow query performance. See https://go.microsoft.com/fwlink/?linkid=2134277 for more information. To identify the query that's triggering this warning call 'ConfigureWarnings(w => w.Throw(RelationalEventId.MultipleCollectionIncludeWarning))'
2022-02-03 22:16:57.3716|WARN|Microsoft.EntityFrameworkCore.Query|Compiling a query which loads related collections for more than one collection navigation either via 'Include' or through projection but no 'QuerySplittingBehavior' has been configured. By default Entity Framework will use 'QuerySplittingBehavior.SingleQuery' which can potentially result in slow query performance. See https://go.microsoft.com/fwlink/?linkid=2134277 for more information. To identify the query that's triggering this warning call 'ConfigureWarnings(w => w.Throw(RelationalEventId.MultipleCollectionIncludeWarning))'
2022-02-03 22:18:32.2788|INFO|Hangfire.Server.ServerWatchdog|1 servers were removed due to timeout
2022-02-03 22:20:14.7040|WARN|Microsoft.EntityFrameworkCore.Query|The query uses a row limiting operator ('Skip'/'Take') without an 'OrderBy' operator. This may lead to unpredictable results.
2022-02-03 22:20:14.7124|WARN|Microsoft.EntityFrameworkCore.Query|The query uses a row limiting operator ('Skip'/'Take') without an 'OrderBy' operator. This may lead to unpredictable results.
2022-02-03 22:20:14.7304|WARN|Microsoft.EntityFrameworkCore.Query|Compiling a query which loads related collections for more than one collection navigation either via 'Include' or through projection but no 'QuerySplittingBehavior' has been configured. By default Entity Framework will use 'QuerySplittingBehavior.SingleQuery' which can potentially result in slow query performance. See https://go.microsoft.com/fwlink/?linkid=2134277 for more information. To identify the query that's triggering this warning call 'ConfigureWarnings(w => w.Throw(RelationalEventId.MultipleCollectionIncludeWarning))'
2022-02-03 22:20:14.7499|WARN|Microsoft.EntityFrameworkCore.Query|The query uses a row limiting operator ('Skip'/'Take') without an 'OrderBy' operator. This may lead to unpredictable results.
2022-02-03 22:20:14.8468|WARN|Microsoft.EntityFrameworkCore.Query|The query uses a row limiting operator ('Skip'/'Take') without an 'OrderBy' operator. This may lead to unpredictable results.
2022-02-03 22:20:14.8707|WARN|Microsoft.EntityFrameworkCore.Query|Compiling a query which loads related collections for more than one collection navigation either via 'Include' or through projection but no 'QuerySplittingBehavior' has been configured. By default Entity Framework will use 'QuerySplittingBehavior.SingleQuery' which can potentially result in slow query performance. See https://go.microsoft.com/fwlink/?linkid=2134277 for more information. To identify the query that's triggering this warning call 'ConfigureWarnings(w => w.Throw(RelationalEventId.MultipleCollectionIncludeWarning))'
