2022-01-28 20:56:00.8440|INFO|Hangfire.SqlServer.SqlServerObjectsInstaller|Start installing Hangfire SQL objects...
2022-01-28 20:56:12.9052|INFO|Hangfire.SqlServer.SqlServerObjectsInstaller|Hangfire SQL objects installed.
2022-01-28 20:56:16.8320|INFO|Hangfire.BackgroundJobServer|Starting Hangfire Server using job storage: 'SQL Server: (localdb)\MSSQLLocalDB@MyDB'
2022-01-28 20:56:16.9011|INFO|Hangfire.BackgroundJobServer|Using the following options for SQL Server job storage: Queue poll interval: 00:00:00.
2022-01-28 20:56:16.9473|INFO|Hangfire.BackgroundJobServer|Using the following options for Hangfire Server:
    Worker count: 20
    Listening queues: 'default'
    Shutdown timeout: 00:00:15
    Schedule polling interval: 00:00:15
2022-01-28 20:56:17.7537|INFO|Hangfire.Server.BackgroundServerProcess|Server desktop-bhcmgte:3064:8ebcba99 successfully announced in 608,9579 ms
2022-01-28 20:56:18.1103|INFO|Hangfire.Server.BackgroundServerProcess|Server desktop-bhcmgte:3064:8ebcba99 is starting the registered dispatchers: ServerWatchdog, ServerJobCancellationWatcher, ExpirationManager, CountersAggregator, Worker, DelayedJobScheduler, RecurringJobScheduler...
2022-01-28 20:56:18.3302|INFO|Hangfire.Server.ServerWatchdog|2 servers were removed due to timeout
2022-01-28 20:56:18.3396|INFO|Microsoft.Hosting.Lifetime|Application started. Press Ctrl+C to shut down.
2022-01-28 20:56:18.3719|INFO|Microsoft.Hosting.Lifetime|Hosting environment: Development
2022-01-28 20:56:18.4119|INFO|Microsoft.Hosting.Lifetime|Content root path: C:\Users\admin\Desktop\QualificationWork\Api\QualificationWork.Api
2022-01-28 20:56:20.7543|INFO|Hangfire.Server.BackgroundServerProcess|Server desktop-bhcmgte:3064:8ebcba99 all the dispatchers started
2022-01-28 20:58:13.2275|WARN|Microsoft.EntityFrameworkCore.Query|Compiling a query which loads related collections for more than one collection navigation either via 'Include' or through projection but no 'QuerySplittingBehavior' has been configured. By default Entity Framework will use 'QuerySplittingBehavior.SingleQuery' which can potentially result in slow query performance. See https://go.microsoft.com/fwlink/?linkid=2134277 for more information. To identify the query that's triggering this warning call 'ConfigureWarnings(w => w.Throw(RelationalEventId.MultipleCollectionIncludeWarning))'
2022-01-28 21:01:06.0495|WARN|Microsoft.AspNetCore.Identity.UserManager|User is already in role Admin.
2022-01-28 21:02:18.5021|WARN|Microsoft.AspNetCore.Identity.UserManager|User is already in role Admin.
2022-01-28 21:35:08.4287|WARN|Microsoft.AspNetCore.Identity.UserManager|User is already in role Admin.
2022-01-28 22:23:57.8549|WARN|Microsoft.AspNetCore.Identity.UserManager|User is already in role Admin.
2022-01-28 22:51:27.7631|WARN|Microsoft.AspNetCore.Identity.UserManager|User is already in role Admin.
2022-01-28 22:52:57.6654|WARN|Microsoft.AspNetCore.Identity.UserManager|User is already in role Admin.
2022-01-28 22:57:00.4088|WARN|Microsoft.AspNetCore.Identity.UserManager|User is already in role Admin.
