2021-12-22 12:30:45.5113|INFO|Hangfire.SqlServer.SqlServerObjectsInstaller|Start installing Hangfire SQL objects...
2021-12-22 12:30:46.0021|INFO|Hangfire.SqlServer.SqlServerObjectsInstaller|Hangfire SQL objects installed.
2021-12-22 12:30:46.2295|INFO|Hangfire.BackgroundJobServer|Starting Hangfire Server using job storage: 'SQL Server: (localdb)\MSSQLLocalDB@MyDB'
2021-12-22 12:30:46.2295|INFO|Hangfire.BackgroundJobServer|Using the following options for SQL Server job storage: Queue poll interval: 00:00:00.
2021-12-22 12:30:46.2419|INFO|Hangfire.BackgroundJobServer|Using the following options for Hangfire Server:
    Worker count: 20
    Listening queues: 'default'
    Shutdown timeout: 00:00:15
    Schedule polling interval: 00:00:15
2021-12-22 12:30:46.8339|INFO|Hangfire.Server.BackgroundServerProcess|Server desktop-bhcmgte:3332:4569f923 successfully announced in 526,8869 ms
2021-12-22 12:30:46.8565|INFO|Hangfire.Server.BackgroundServerProcess|Server desktop-bhcmgte:3332:4569f923 is starting the registered dispatchers: ServerWatchdog, ServerJobCancellationWatcher, ExpirationManager, CountersAggregator, Worker, DelayedJobScheduler, RecurringJobScheduler...
2021-12-22 12:30:46.9383|INFO|Hangfire.Server.ServerWatchdog|2 servers were removed due to timeout
2021-12-22 12:30:46.9383|INFO|Microsoft.Hosting.Lifetime|Application started. Press Ctrl+C to shut down.
2021-12-22 12:30:47.0838|INFO|Microsoft.Hosting.Lifetime|Hosting environment: Development
2021-12-22 12:30:47.1024|INFO|Microsoft.Hosting.Lifetime|Content root path: C:\Users\admin\Desktop\QualificationWork\Api\QualificationWork.Api
2021-12-22 12:30:47.8608|INFO|Hangfire.Server.BackgroundServerProcess|Server desktop-bhcmgte:3332:4569f923 all the dispatchers started
2021-12-22 12:30:48.4079|WARN|Hangfire.Server.RecurringJobScheduler|Recurring job 'Checking the activity of the subject' can't be scheduled due to an error and will be retried in 00:00:15.
2021-12-22 12:31:03.9947|WARN|Hangfire.Server.RecurringJobScheduler|Recurring job 'Checking the activity of the subject' can't be scheduled due to an error and will be retried in 00:00:15.
2021-12-22 12:31:19.3986|WARN|Hangfire.Server.RecurringJobScheduler|Recurring job 'Checking the activity of the subject' can't be scheduled due to an error and will be retried in 00:00:15.
2021-12-22 12:31:23.9035|WARN|Microsoft.EntityFrameworkCore.Query|Compiling a query which loads related collections for more than one collection navigation either via 'Include' or through projection but no 'QuerySplittingBehavior' has been configured. By default Entity Framework will use 'QuerySplittingBehavior.SingleQuery' which can potentially result in slow query performance. See https://go.microsoft.com/fwlink/?linkid=2134277 for more information. To identify the query that's triggering this warning call 'ConfigureWarnings(w => w.Throw(RelationalEventId.MultipleCollectionIncludeWarning))'
2021-12-22 12:31:23.9035|WARN|Microsoft.EntityFrameworkCore.Query|Compiling a query which loads related collections for more than one collection navigation either via 'Include' or through projection but no 'QuerySplittingBehavior' has been configured. By default Entity Framework will use 'QuerySplittingBehavior.SingleQuery' which can potentially result in slow query performance. See https://go.microsoft.com/fwlink/?linkid=2134277 for more information. To identify the query that's triggering this warning call 'ConfigureWarnings(w => w.Throw(RelationalEventId.MultipleCollectionIncludeWarning))'
2021-12-22 12:31:34.7827|WARN|Hangfire.Server.RecurringJobScheduler|Recurring job 'Checking the activity of the subject' can't be scheduled due to an error and will be retried in 00:00:15.
2021-12-22 12:31:50.0636|WARN|Hangfire.Server.RecurringJobScheduler|Recurring job 'Checking the activity of the subject' can't be scheduled due to an error and will be retried in 00:00:15.
2021-12-22 12:32:05.3105|ERROR|Hangfire.Server.RecurringJobScheduler|Recurring job 'Checking the activity of the subject' can't be scheduled due to an error and will be disabled.
2021-12-22 12:32:09.0403|WARN|Microsoft.AspNetCore.Identity.UserManager|User is already in role Admin.
2021-12-22 12:32:11.9990|WARN|Microsoft.EntityFrameworkCore.Query|Compiling a query which loads related collections for more than one collection navigation either via 'Include' or through projection but no 'QuerySplittingBehavior' has been configured. By default Entity Framework will use 'QuerySplittingBehavior.SingleQuery' which can potentially result in slow query performance. See https://go.microsoft.com/fwlink/?linkid=2134277 for more information. To identify the query that's triggering this warning call 'ConfigureWarnings(w => w.Throw(RelationalEventId.MultipleCollectionIncludeWarning))'
