2021-12-26 12:52:32.2134|INFO|Hangfire.SqlServer.SqlServerObjectsInstaller|Start installing Hangfire SQL objects...
2021-12-26 12:52:35.1458|INFO|Hangfire.SqlServer.SqlServerObjectsInstaller|Hangfire SQL objects installed.
2021-12-26 12:52:39.6554|INFO|Hangfire.BackgroundJobServer|Starting Hangfire Server using job storage: 'SQL Server: (localdb)\MSSQLLocalDB@MyDB'
2021-12-26 12:52:39.6643|INFO|Hangfire.BackgroundJobServer|Using the following options for SQL Server job storage: Queue poll interval: 00:00:00.
2021-12-26 12:52:39.6643|INFO|Hangfire.BackgroundJobServer|Using the following options for Hangfire Server:
    Worker count: 20
    Listening queues: 'default'
    Shutdown timeout: 00:00:15
    Schedule polling interval: 00:00:15
2021-12-26 12:52:41.8944|INFO|Hangfire.Server.BackgroundServerProcess|Server desktop-bhcmgte:3544:1b5b454f successfully announced in 2146,4035 ms
2021-12-26 12:52:41.9700|INFO|Hangfire.Server.BackgroundServerProcess|Server desktop-bhcmgte:3544:1b5b454f is starting the registered dispatchers: ServerWatchdog, ServerJobCancellationWatcher, ExpirationManager, CountersAggregator, Worker, DelayedJobScheduler, RecurringJobScheduler...
2021-12-26 12:52:42.1460|INFO|Hangfire.Server.ServerWatchdog|2 servers were removed due to timeout
2021-12-26 12:52:43.0311|INFO|Hangfire.Server.BackgroundServerProcess|Server desktop-bhcmgte:3544:1b5b454f all the dispatchers started
2021-12-26 12:52:44.5426|INFO|Microsoft.Hosting.Lifetime|Application started. Press Ctrl+C to shut down.
2021-12-26 12:52:44.5635|INFO|Microsoft.Hosting.Lifetime|Hosting environment: Development
2021-12-26 12:52:44.5725|INFO|Microsoft.Hosting.Lifetime|Content root path: C:\Users\admin\Desktop\QualificationWork\Api\QualificationWork.Api
2021-12-26 12:53:50.9140|WARN|Microsoft.EntityFrameworkCore.Query|Compiling a query which loads related collections for more than one collection navigation either via 'Include' or through projection but no 'QuerySplittingBehavior' has been configured. By default Entity Framework will use 'QuerySplittingBehavior.SingleQuery' which can potentially result in slow query performance. See https://go.microsoft.com/fwlink/?linkid=2134277 for more information. To identify the query that's triggering this warning call 'ConfigureWarnings(w => w.Throw(RelationalEventId.MultipleCollectionIncludeWarning))'
2021-12-26 12:53:50.9140|WARN|Microsoft.EntityFrameworkCore.Query|Compiling a query which loads related collections for more than one collection navigation either via 'Include' or through projection but no 'QuerySplittingBehavior' has been configured. By default Entity Framework will use 'QuerySplittingBehavior.SingleQuery' which can potentially result in slow query performance. See https://go.microsoft.com/fwlink/?linkid=2134277 for more information. To identify the query that's triggering this warning call 'ConfigureWarnings(w => w.Throw(RelationalEventId.MultipleCollectionIncludeWarning))'
2021-12-26 12:53:53.2946|WARN|Microsoft.EntityFrameworkCore.Query|Compiling a query which loads related collections for more than one collection navigation either via 'Include' or through projection but no 'QuerySplittingBehavior' has been configured. By default Entity Framework will use 'QuerySplittingBehavior.SingleQuery' which can potentially result in slow query performance. See https://go.microsoft.com/fwlink/?linkid=2134277 for more information. To identify the query that's triggering this warning call 'ConfigureWarnings(w => w.Throw(RelationalEventId.MultipleCollectionIncludeWarning))'
2021-12-26 13:59:43.3203|INFO|Hangfire.SqlServer.SqlServerObjectsInstaller|Start installing Hangfire SQL objects...
2021-12-26 13:59:44.2212|INFO|Hangfire.SqlServer.SqlServerObjectsInstaller|Hangfire SQL objects installed.
2021-12-26 14:04:18.6116|INFO|Hangfire.SqlServer.SqlServerObjectsInstaller|Start installing Hangfire SQL objects...
2021-12-26 14:04:19.2283|INFO|Hangfire.SqlServer.SqlServerObjectsInstaller|Hangfire SQL objects installed.
2021-12-26 14:04:22.0100|INFO|Hangfire.BackgroundJobServer|Starting Hangfire Server using job storage: 'SQL Server: (localdb)\MSSQLLocalDB@MyDB'
2021-12-26 14:04:22.0100|INFO|Hangfire.BackgroundJobServer|Using the following options for SQL Server job storage: Queue poll interval: 00:00:00.
2021-12-26 14:04:22.0100|INFO|Hangfire.BackgroundJobServer|Using the following options for Hangfire Server:
    Worker count: 20
    Listening queues: 'default'
    Shutdown timeout: 00:00:15
    Schedule polling interval: 00:00:15
2021-12-26 14:04:22.5273|INFO|Microsoft.Hosting.Lifetime|Application started. Press Ctrl+C to shut down.
2021-12-26 14:04:22.5787|INFO|Microsoft.Hosting.Lifetime|Hosting environment: Development
2021-12-26 14:04:22.5901|INFO|Microsoft.Hosting.Lifetime|Content root path: C:\Users\admin\Desktop\QualificationWork\Api\QualificationWork.Api
2021-12-26 14:04:22.6226|INFO|Hangfire.Server.BackgroundServerProcess|Server desktop-bhcmgte:19700:9f1fabaa successfully announced in 536,6391 ms
2021-12-26 14:04:22.6480|INFO|Hangfire.Server.BackgroundServerProcess|Server desktop-bhcmgte:19700:9f1fabaa is starting the registered dispatchers: ServerWatchdog, ServerJobCancellationWatcher, ExpirationManager, CountersAggregator, Worker, DelayedJobScheduler, RecurringJobScheduler...
2021-12-26 14:04:23.8912|INFO|Hangfire.Server.BackgroundServerProcess|Server desktop-bhcmgte:19700:9f1fabaa all the dispatchers started
2021-12-26 14:07:29.0227|ERROR|Microsoft.EntityFrameworkCore.Update|An exception occurred in the database while saving changes for context type 'QualificationWork.DAL.ApplicationContext'.
System.InvalidOperationException: The value of 'UserSubject.Id' is unknown when attempting to save changes. This is because the property is also part of a foreign key for which the principal entity in the relationship is not known.
   at Microsoft.EntityFrameworkCore.ChangeTracking.Internal.InternalEntityEntry.PrepareToSave()
   at Microsoft.EntityFrameworkCore.ChangeTracking.Internal.StateManager.GetEntriesToSave(Boolean cascadeChanges)
   at Microsoft.EntityFrameworkCore.ChangeTracking.Internal.StateManager.SaveChangesAsync(DbContext _, Boolean acceptAllChangesOnSuccess, CancellationToken cancellationToken)
   at Microsoft.EntityFrameworkCore.SqlServer.Storage.Internal.SqlServerExecutionStrategy.ExecuteAsync[TState,TResult](TState state, Func`4 operation, Func`4 verifySucceeded, CancellationToken cancellationToken)
   at Microsoft.EntityFrameworkCore.DbContext.SaveChangesAsync(Boolean acceptAllChangesOnSuccess, CancellationToken cancellationToken)
2021-12-26 14:08:18.6257|ERROR|Microsoft.EntityFrameworkCore.Update|An exception occurred in the database while saving changes for context type 'QualificationWork.DAL.ApplicationContext'.
System.InvalidOperationException: The value of 'UserSubject.Id' is unknown when attempting to save changes. This is because the property is also part of a foreign key for which the principal entity in the relationship is not known.
   at Microsoft.EntityFrameworkCore.ChangeTracking.Internal.InternalEntityEntry.PrepareToSave()
   at Microsoft.EntityFrameworkCore.ChangeTracking.Internal.StateManager.GetEntriesToSave(Boolean cascadeChanges)
   at Microsoft.EntityFrameworkCore.ChangeTracking.Internal.StateManager.SaveChangesAsync(DbContext _, Boolean acceptAllChangesOnSuccess, CancellationToken cancellationToken)
   at Microsoft.EntityFrameworkCore.SqlServer.Storage.Internal.SqlServerExecutionStrategy.ExecuteAsync[TState,TResult](TState state, Func`4 operation, Func`4 verifySucceeded, CancellationToken cancellationToken)
   at Microsoft.EntityFrameworkCore.DbContext.SaveChangesAsync(Boolean acceptAllChangesOnSuccess, CancellationToken cancellationToken)
2021-12-26 14:22:00.8747|INFO|Hangfire.SqlServer.SqlServerObjectsInstaller|Start installing Hangfire SQL objects...
2021-12-26 14:22:01.7247|INFO|Hangfire.SqlServer.SqlServerObjectsInstaller|Hangfire SQL objects installed.
2021-12-26 14:22:31.8327|INFO|Hangfire.SqlServer.SqlServerObjectsInstaller|Start installing Hangfire SQL objects...
2021-12-26 14:22:32.3634|INFO|Hangfire.SqlServer.SqlServerObjectsInstaller|Hangfire SQL objects installed.
2021-12-26 14:22:35.1738|INFO|Hangfire.BackgroundJobServer|Starting Hangfire Server using job storage: 'SQL Server: (localdb)\MSSQLLocalDB@MyDB'
2021-12-26 14:22:35.1738|INFO|Hangfire.BackgroundJobServer|Using the following options for SQL Server job storage: Queue poll interval: 00:00:00.
2021-12-26 14:22:35.1892|INFO|Hangfire.BackgroundJobServer|Using the following options for Hangfire Server:
    Worker count: 20
    Listening queues: 'default'
    Shutdown timeout: 00:00:15
    Schedule polling interval: 00:00:15
2021-12-26 14:22:35.6342|INFO|Microsoft.Hosting.Lifetime|Application started. Press Ctrl+C to shut down.
2021-12-26 14:22:35.6342|INFO|Microsoft.Hosting.Lifetime|Hosting environment: Development
2021-12-26 14:22:35.6516|INFO|Microsoft.Hosting.Lifetime|Content root path: C:\Users\admin\Desktop\QualificationWork\Api\QualificationWork.Api
2021-12-26 14:22:35.7876|INFO|Hangfire.Server.BackgroundServerProcess|Server desktop-bhcmgte:14864:96c5d4fa successfully announced in 509,7461 ms
2021-12-26 14:22:35.8783|INFO|Hangfire.Server.BackgroundServerProcess|Server desktop-bhcmgte:14864:96c5d4fa is starting the registered dispatchers: ServerWatchdog, ServerJobCancellationWatcher, ExpirationManager, CountersAggregator, Worker, DelayedJobScheduler, RecurringJobScheduler...
2021-12-26 14:22:37.1313|INFO|Hangfire.Server.BackgroundServerProcess|Server desktop-bhcmgte:14864:96c5d4fa all the dispatchers started
2021-12-26 14:24:23.3356|ERROR|Microsoft.EntityFrameworkCore.Database.Command|Failed executing DbCommand (19ms) [Parameters=[@p0='?' (DbType = Int64), @p1='?' (DbType = Int64), @p2='?' (DbType = Int64)], CommandType='Text', CommandTimeout='30']
SET NOCOUNT ON;
INSERT INTO [UserSubjects] ([SubjectId], [UserId], [UserSubjectId])
VALUES (@p0, @p1, @p2);
SELECT [Id]
FROM [UserSubjects]
WHERE @@ROWCOUNT = 1 AND [Id] = scope_identity();
2021-12-26 14:24:23.4427|ERROR|Microsoft.EntityFrameworkCore.Update|An exception occurred in the database while saving changes for context type 'QualificationWork.DAL.ApplicationContext'.
Microsoft.EntityFrameworkCore.DbUpdateException: An error occurred while updating the entries. See the inner exception for details.
 ---> Microsoft.Data.SqlClient.SqlException (0x80131904): The INSERT statement conflicted with the FOREIGN KEY constraint "FK_UserSubjects_TimeTable_UserSubjectId". The conflict occurred in database "MyDB", table "dbo.TimeTable", column 'Id'.
The statement has been terminated.
   at Microsoft.Data.SqlClient.SqlCommand.<>c.<ExecuteDbDataReaderAsync>b__169_0(Task`1 result)
   at System.Threading.Tasks.ContinuationResultTaskFromResultTask`2.InnerInvoke()
   at System.Threading.ExecutionContext.RunInternal(ExecutionContext executionContext, ContextCallback callback, Object state)
--- End of stack trace from previous location ---
   at System.Threading.Tasks.Task.ExecuteWithThreadLocal(Task& currentTaskSlot, Thread threadPoolThread)
--- End of stack trace from previous location ---
   at Microsoft.EntityFrameworkCore.Storage.RelationalCommand.ExecuteReaderAsync(RelationalCommandParameterObject parameterObject, CancellationToken cancellationToken)
   at Microsoft.EntityFrameworkCore.Storage.RelationalCommand.ExecuteReaderAsync(RelationalCommandParameterObject parameterObject, CancellationToken cancellationToken)
   at Microsoft.EntityFrameworkCore.Update.ReaderModificationCommandBatch.ExecuteAsync(IRelationalConnection connection, CancellationToken cancellationToken)
ClientConnectionId:2d080cb8-e476-46fe-bdab-f9a9a75dcef2
Error Number:547,State:0,Class:16
   --- End of inner exception stack trace ---
   at Microsoft.EntityFrameworkCore.Update.ReaderModificationCommandBatch.ExecuteAsync(IRelationalConnection connection, CancellationToken cancellationToken)
   at Microsoft.EntityFrameworkCore.Update.Internal.BatchExecutor.ExecuteAsync(IEnumerable`1 commandBatches, IRelationalConnection connection, CancellationToken cancellationToken)
   at Microsoft.EntityFrameworkCore.Update.Internal.BatchExecutor.ExecuteAsync(IEnumerable`1 commandBatches, IRelationalConnection connection, CancellationToken cancellationToken)
   at Microsoft.EntityFrameworkCore.Update.Internal.BatchExecutor.ExecuteAsync(IEnumerable`1 commandBatches, IRelationalConnection connection, CancellationToken cancellationToken)
   at Microsoft.EntityFrameworkCore.ChangeTracking.Internal.StateManager.SaveChangesAsync(IList`1 entriesToSave, CancellationToken cancellationToken)
   at Microsoft.EntityFrameworkCore.ChangeTracking.Internal.StateManager.SaveChangesAsync(DbContext _, Boolean acceptAllChangesOnSuccess, CancellationToken cancellationToken)
   at Microsoft.EntityFrameworkCore.SqlServer.Storage.Internal.SqlServerExecutionStrategy.ExecuteAsync[TState,TResult](TState state, Func`4 operation, Func`4 verifySucceeded, CancellationToken cancellationToken)
   at Microsoft.EntityFrameworkCore.DbContext.SaveChangesAsync(Boolean acceptAllChangesOnSuccess, CancellationToken cancellationToken)
2021-12-26 14:26:45.3251|INFO|Hangfire.SqlServer.SqlServerObjectsInstaller|Start installing Hangfire SQL objects...
2021-12-26 14:26:45.8232|INFO|Hangfire.SqlServer.SqlServerObjectsInstaller|Hangfire SQL objects installed.
2021-12-26 14:26:48.3844|INFO|Hangfire.BackgroundJobServer|Starting Hangfire Server using job storage: 'SQL Server: (localdb)\MSSQLLocalDB@MyDB'
2021-12-26 14:26:48.3844|INFO|Hangfire.BackgroundJobServer|Using the following options for SQL Server job storage: Queue poll interval: 00:00:00.
2021-12-26 14:26:48.3844|INFO|Hangfire.BackgroundJobServer|Using the following options for Hangfire Server:
    Worker count: 20
    Listening queues: 'default'
    Shutdown timeout: 00:00:15
    Schedule polling interval: 00:00:15
2021-12-26 14:26:48.7680|INFO|Microsoft.Hosting.Lifetime|Application started. Press Ctrl+C to shut down.
2021-12-26 14:26:48.7762|INFO|Microsoft.Hosting.Lifetime|Hosting environment: Development
2021-12-26 14:26:48.7762|INFO|Microsoft.Hosting.Lifetime|Content root path: C:\Users\admin\Desktop\QualificationWork\Api\QualificationWork.Api
2021-12-26 14:26:48.9026|INFO|Hangfire.Server.BackgroundServerProcess|Server desktop-bhcmgte:18824:a41f0fa7 successfully announced in 453,5839 ms
2021-12-26 14:26:48.9253|INFO|Hangfire.Server.BackgroundServerProcess|Server desktop-bhcmgte:18824:a41f0fa7 is starting the registered dispatchers: ServerWatchdog, ServerJobCancellationWatcher, ExpirationManager, CountersAggregator, Worker, DelayedJobScheduler, RecurringJobScheduler...
2021-12-26 14:26:49.6501|INFO|Hangfire.Server.BackgroundServerProcess|Server desktop-bhcmgte:18824:a41f0fa7 all the dispatchers started
2021-12-26 14:27:05.9002|ERROR|Microsoft.EntityFrameworkCore.Database.Command|Failed executing DbCommand (11ms) [Parameters=[@p0='?' (DbType = Int64), @p1='?' (DbType = Int64), @p2='?' (DbType = Int64)], CommandType='Text', CommandTimeout='30']
SET NOCOUNT ON;
INSERT INTO [UserSubjects] ([SubjectId], [UserId], [UserSubjectId])
VALUES (@p0, @p1, @p2);
SELECT [Id]
FROM [UserSubjects]
WHERE @@ROWCOUNT = 1 AND [Id] = scope_identity();
2021-12-26 14:27:06.0046|ERROR|Microsoft.EntityFrameworkCore.Update|An exception occurred in the database while saving changes for context type 'QualificationWork.DAL.ApplicationContext'.
Microsoft.EntityFrameworkCore.DbUpdateException: An error occurred while updating the entries. See the inner exception for details.
 ---> Microsoft.Data.SqlClient.SqlException (0x80131904): The INSERT statement conflicted with the FOREIGN KEY constraint "FK_UserSubjects_TimeTable_UserSubjectId". The conflict occurred in database "MyDB", table "dbo.TimeTable", column 'Id'.
The statement has been terminated.
   at Microsoft.Data.SqlClient.SqlCommand.<>c.<ExecuteDbDataReaderAsync>b__169_0(Task`1 result)
   at System.Threading.Tasks.ContinuationResultTaskFromResultTask`2.InnerInvoke()
   at System.Threading.Tasks.Task.<>c.<.cctor>b__277_0(Object obj)
   at System.Threading.ExecutionContext.RunInternal(ExecutionContext executionContext, ContextCallback callback, Object state)
--- End of stack trace from previous location ---
   at System.Threading.ExecutionContext.RunInternal(ExecutionContext executionContext, ContextCallback callback, Object state)
   at System.Threading.Tasks.Task.ExecuteWithThreadLocal(Task& currentTaskSlot, Thread threadPoolThread)
--- End of stack trace from previous location ---
   at Microsoft.EntityFrameworkCore.Storage.RelationalCommand.ExecuteReaderAsync(RelationalCommandParameterObject parameterObject, CancellationToken cancellationToken)
   at Microsoft.EntityFrameworkCore.Storage.RelationalCommand.ExecuteReaderAsync(RelationalCommandParameterObject parameterObject, CancellationToken cancellationToken)
   at Microsoft.EntityFrameworkCore.Update.ReaderModificationCommandBatch.ExecuteAsync(IRelationalConnection connection, CancellationToken cancellationToken)
ClientConnectionId:fc6b9b2d-0a06-443a-9b9b-4cc38cb03386
Error Number:547,State:0,Class:16
   --- End of inner exception stack trace ---
   at Microsoft.EntityFrameworkCore.Update.ReaderModificationCommandBatch.ExecuteAsync(IRelationalConnection connection, CancellationToken cancellationToken)
   at Microsoft.EntityFrameworkCore.Update.Internal.BatchExecutor.ExecuteAsync(IEnumerable`1 commandBatches, IRelationalConnection connection, CancellationToken cancellationToken)
   at Microsoft.EntityFrameworkCore.Update.Internal.BatchExecutor.ExecuteAsync(IEnumerable`1 commandBatches, IRelationalConnection connection, CancellationToken cancellationToken)
   at Microsoft.EntityFrameworkCore.Update.Internal.BatchExecutor.ExecuteAsync(IEnumerable`1 commandBatches, IRelationalConnection connection, CancellationToken cancellationToken)
   at Microsoft.EntityFrameworkCore.ChangeTracking.Internal.StateManager.SaveChangesAsync(IList`1 entriesToSave, CancellationToken cancellationToken)
   at Microsoft.EntityFrameworkCore.ChangeTracking.Internal.StateManager.SaveChangesAsync(DbContext _, Boolean acceptAllChangesOnSuccess, CancellationToken cancellationToken)
   at Microsoft.EntityFrameworkCore.SqlServer.Storage.Internal.SqlServerExecutionStrategy.ExecuteAsync[TState,TResult](TState state, Func`4 operation, Func`4 verifySucceeded, CancellationToken cancellationToken)
   at Microsoft.EntityFrameworkCore.DbContext.SaveChangesAsync(Boolean acceptAllChangesOnSuccess, CancellationToken cancellationToken)
2021-12-26 14:32:39.7053|INFO|Hangfire.SqlServer.SqlServerObjectsInstaller|Start installing Hangfire SQL objects...
2021-12-26 14:32:40.5508|INFO|Hangfire.SqlServer.SqlServerObjectsInstaller|Hangfire SQL objects installed.
2021-12-26 14:32:43.8896|INFO|Hangfire.BackgroundJobServer|Starting Hangfire Server using job storage: 'SQL Server: (localdb)\MSSQLLocalDB@MyDB'
2021-12-26 14:32:43.9050|INFO|Hangfire.BackgroundJobServer|Using the following options for SQL Server job storage: Queue poll interval: 00:00:00.
2021-12-26 14:32:43.9189|INFO|Hangfire.BackgroundJobServer|Using the following options for Hangfire Server:
    Worker count: 20
    Listening queues: 'default'
    Shutdown timeout: 00:00:15
    Schedule polling interval: 00:00:15
2021-12-26 14:32:44.5075|INFO|Microsoft.Hosting.Lifetime|Application started. Press Ctrl+C to shut down.
2021-12-26 14:32:44.5384|INFO|Microsoft.Hosting.Lifetime|Hosting environment: Development
2021-12-26 14:32:44.5892|INFO|Microsoft.Hosting.Lifetime|Content root path: C:\Users\admin\Desktop\QualificationWork\Api\QualificationWork.Api
2021-12-26 14:32:44.6228|INFO|Hangfire.Server.BackgroundServerProcess|Server desktop-bhcmgte:18444:fcc3e2eb successfully announced in 631,72 ms
2021-12-26 14:32:44.6508|INFO|Hangfire.Server.BackgroundServerProcess|Server desktop-bhcmgte:18444:fcc3e2eb is starting the registered dispatchers: ServerWatchdog, ServerJobCancellationWatcher, ExpirationManager, CountersAggregator, Worker, DelayedJobScheduler, RecurringJobScheduler...
2021-12-26 14:32:44.7573|INFO|Hangfire.Server.ServerWatchdog|1 servers were removed due to timeout
2021-12-26 14:32:45.8502|INFO|Hangfire.Server.BackgroundServerProcess|Server desktop-bhcmgte:18444:fcc3e2eb all the dispatchers started
2021-12-26 14:37:45.0491|INFO|Hangfire.Server.ServerWatchdog|1 servers were removed due to timeout
2021-12-26 14:43:07.5259|INFO|Hangfire.SqlServer.SqlServerObjectsInstaller|Start installing Hangfire SQL objects...
2021-12-26 14:43:08.2566|INFO|Hangfire.SqlServer.SqlServerObjectsInstaller|Hangfire SQL objects installed.
2021-12-26 14:43:27.5010|INFO|Hangfire.SqlServer.SqlServerObjectsInstaller|Start installing Hangfire SQL objects...
2021-12-26 14:43:28.0641|INFO|Hangfire.SqlServer.SqlServerObjectsInstaller|Hangfire SQL objects installed.
2021-12-26 14:43:30.9616|INFO|Hangfire.BackgroundJobServer|Starting Hangfire Server using job storage: 'SQL Server: (localdb)\MSSQLLocalDB@MyDB'
2021-12-26 14:43:30.9616|INFO|Hangfire.BackgroundJobServer|Using the following options for SQL Server job storage: Queue poll interval: 00:00:00.
2021-12-26 14:43:30.9809|INFO|Hangfire.BackgroundJobServer|Using the following options for Hangfire Server:
    Worker count: 20
    Listening queues: 'default'
    Shutdown timeout: 00:00:15
    Schedule polling interval: 00:00:15
2021-12-26 14:43:31.4719|INFO|Microsoft.Hosting.Lifetime|Application started. Press Ctrl+C to shut down.
2021-12-26 14:43:31.4808|INFO|Microsoft.Hosting.Lifetime|Hosting environment: Development
2021-12-26 14:43:31.4808|INFO|Microsoft.Hosting.Lifetime|Content root path: C:\Users\admin\Desktop\QualificationWork\Api\QualificationWork.Api
2021-12-26 14:43:31.5628|INFO|Hangfire.Server.BackgroundServerProcess|Server desktop-bhcmgte:20512:8dabc656 successfully announced in 526,1099 ms
2021-12-26 14:43:31.5959|INFO|Hangfire.Server.BackgroundServerProcess|Server desktop-bhcmgte:20512:8dabc656 is starting the registered dispatchers: ServerWatchdog, ServerJobCancellationWatcher, ExpirationManager, CountersAggregator, Worker, DelayedJobScheduler, RecurringJobScheduler...
2021-12-26 14:43:32.7548|INFO|Hangfire.Server.BackgroundServerProcess|Server desktop-bhcmgte:20512:8dabc656 all the dispatchers started
2021-12-26 14:44:27.4302|ERROR|Microsoft.EntityFrameworkCore.Update|An exception occurred in the database while saving changes for context type 'QualificationWork.DAL.ApplicationContext'.
System.InvalidOperationException: The value of 'UserSubject.Id' is unknown when attempting to save changes. This is because the property is also part of a foreign key for which the principal entity in the relationship is not known.
   at Microsoft.EntityFrameworkCore.ChangeTracking.Internal.InternalEntityEntry.PrepareToSave()
   at Microsoft.EntityFrameworkCore.ChangeTracking.Internal.StateManager.GetEntriesToSave(Boolean cascadeChanges)
   at Microsoft.EntityFrameworkCore.ChangeTracking.Internal.StateManager.SaveChangesAsync(DbContext _, Boolean acceptAllChangesOnSuccess, CancellationToken cancellationToken)
   at Microsoft.EntityFrameworkCore.SqlServer.Storage.Internal.SqlServerExecutionStrategy.ExecuteAsync[TState,TResult](TState state, Func`4 operation, Func`4 verifySucceeded, CancellationToken cancellationToken)
   at Microsoft.EntityFrameworkCore.DbContext.SaveChangesAsync(Boolean acceptAllChangesOnSuccess, CancellationToken cancellationToken)
2021-12-26 15:13:57.0467|INFO|Hangfire.SqlServer.SqlServerObjectsInstaller|Start installing Hangfire SQL objects...
2021-12-26 15:13:57.7255|INFO|Hangfire.SqlServer.SqlServerObjectsInstaller|Hangfire SQL objects installed.
2021-12-26 15:14:19.0482|INFO|Hangfire.SqlServer.SqlServerObjectsInstaller|Start installing Hangfire SQL objects...
2021-12-26 15:14:19.6392|INFO|Hangfire.SqlServer.SqlServerObjectsInstaller|Hangfire SQL objects installed.
2021-12-26 15:14:22.4069|INFO|Hangfire.BackgroundJobServer|Starting Hangfire Server using job storage: 'SQL Server: (localdb)\MSSQLLocalDB@MyDB'
2021-12-26 15:14:22.4069|INFO|Hangfire.BackgroundJobServer|Using the following options for SQL Server job storage: Queue poll interval: 00:00:00.
2021-12-26 15:14:22.4203|INFO|Hangfire.BackgroundJobServer|Using the following options for Hangfire Server:
    Worker count: 20
    Listening queues: 'default'
    Shutdown timeout: 00:00:15
    Schedule polling interval: 00:00:15
2021-12-26 15:14:22.9880|INFO|Microsoft.Hosting.Lifetime|Application started. Press Ctrl+C to shut down.
2021-12-26 15:14:22.9950|INFO|Microsoft.Hosting.Lifetime|Hosting environment: Development
2021-12-26 15:14:23.0090|INFO|Microsoft.Hosting.Lifetime|Content root path: C:\Users\admin\Desktop\QualificationWork\Api\QualificationWork.Api
2021-12-26 15:14:23.0958|INFO|Hangfire.Server.BackgroundServerProcess|Server desktop-bhcmgte:5916:d3eb2d89 successfully announced in 582,6516 ms
2021-12-26 15:14:23.1162|INFO|Hangfire.Server.BackgroundServerProcess|Server desktop-bhcmgte:5916:d3eb2d89 is starting the registered dispatchers: ServerWatchdog, ServerJobCancellationWatcher, ExpirationManager, CountersAggregator, Worker, DelayedJobScheduler, RecurringJobScheduler...
2021-12-26 15:14:24.2097|INFO|Hangfire.Server.BackgroundServerProcess|Server desktop-bhcmgte:5916:d3eb2d89 all the dispatchers started
2021-12-26 15:15:03.0064|ERROR|Microsoft.EntityFrameworkCore.Database.Command|Failed executing DbCommand (12ms) [Parameters=[@p0='?' (DbType = Int64), @p1='?' (DbType = Int64), @p2='?' (DbType = Int64)], CommandType='Text', CommandTimeout='30']
SET NOCOUNT ON;
INSERT INTO [UserSubjects] ([SubjectId], [TimeTableId], [UserId])
VALUES (@p0, @p1, @p2);
SELECT [Id]
FROM [UserSubjects]
WHERE @@ROWCOUNT = 1 AND [Id] = scope_identity();
2021-12-26 15:15:03.1320|ERROR|Microsoft.EntityFrameworkCore.Update|An exception occurred in the database while saving changes for context type 'QualificationWork.DAL.ApplicationContext'.
Microsoft.EntityFrameworkCore.DbUpdateException: An error occurred while updating the entries. See the inner exception for details.
 ---> Microsoft.Data.SqlClient.SqlException (0x80131904): The INSERT statement conflicted with the FOREIGN KEY constraint "FK_UserSubjects_TimeTable_TimeTableId". The conflict occurred in database "MyDB", table "dbo.TimeTable", column 'Id'.
The statement has been terminated.
   at Microsoft.Data.SqlClient.SqlCommand.<>c.<ExecuteDbDataReaderAsync>b__169_0(Task`1 result)
   at System.Threading.Tasks.ContinuationResultTaskFromResultTask`2.InnerInvoke()
   at System.Threading.Tasks.Task.<>c.<.cctor>b__277_0(Object obj)
   at System.Threading.ExecutionContext.RunInternal(ExecutionContext executionContext, ContextCallback callback, Object state)
--- End of stack trace from previous location ---
   at System.Threading.Tasks.Task.ExecuteWithThreadLocal(Task& currentTaskSlot, Thread threadPoolThread)
--- End of stack trace from previous location ---
   at Microsoft.EntityFrameworkCore.Storage.RelationalCommand.ExecuteReaderAsync(RelationalCommandParameterObject parameterObject, CancellationToken cancellationToken)
   at Microsoft.EntityFrameworkCore.Storage.RelationalCommand.ExecuteReaderAsync(RelationalCommandParameterObject parameterObject, CancellationToken cancellationToken)
   at Microsoft.EntityFrameworkCore.Update.ReaderModificationCommandBatch.ExecuteAsync(IRelationalConnection connection, CancellationToken cancellationToken)
ClientConnectionId:444cc261-9490-40cb-bcdb-77178e847bf8
Error Number:547,State:0,Class:16
   --- End of inner exception stack trace ---
   at Microsoft.EntityFrameworkCore.Update.ReaderModificationCommandBatch.ExecuteAsync(IRelationalConnection connection, CancellationToken cancellationToken)
   at Microsoft.EntityFrameworkCore.Update.Internal.BatchExecutor.ExecuteAsync(IEnumerable`1 commandBatches, IRelationalConnection connection, CancellationToken cancellationToken)
   at Microsoft.EntityFrameworkCore.Update.Internal.BatchExecutor.ExecuteAsync(IEnumerable`1 commandBatches, IRelationalConnection connection, CancellationToken cancellationToken)
   at Microsoft.EntityFrameworkCore.Update.Internal.BatchExecutor.ExecuteAsync(IEnumerable`1 commandBatches, IRelationalConnection connection, CancellationToken cancellationToken)
   at Microsoft.EntityFrameworkCore.ChangeTracking.Internal.StateManager.SaveChangesAsync(IList`1 entriesToSave, CancellationToken cancellationToken)
   at Microsoft.EntityFrameworkCore.ChangeTracking.Internal.StateManager.SaveChangesAsync(DbContext _, Boolean acceptAllChangesOnSuccess, CancellationToken cancellationToken)
   at Microsoft.EntityFrameworkCore.SqlServer.Storage.Internal.SqlServerExecutionStrategy.ExecuteAsync[TState,TResult](TState state, Func`4 operation, Func`4 verifySucceeded, CancellationToken cancellationToken)
   at Microsoft.EntityFrameworkCore.DbContext.SaveChangesAsync(Boolean acceptAllChangesOnSuccess, CancellationToken cancellationToken)
2021-12-26 15:17:28.9670|INFO|Hangfire.SqlServer.SqlServerObjectsInstaller|Start installing Hangfire SQL objects...
2021-12-26 15:17:29.4319|INFO|Hangfire.SqlServer.SqlServerObjectsInstaller|Hangfire SQL objects installed.
2021-12-26 15:17:31.9064|INFO|Hangfire.BackgroundJobServer|Starting Hangfire Server using job storage: 'SQL Server: (localdb)\MSSQLLocalDB@MyDB'
2021-12-26 15:17:31.9064|INFO|Hangfire.BackgroundJobServer|Using the following options for SQL Server job storage: Queue poll interval: 00:00:00.
2021-12-26 15:17:31.9134|INFO|Hangfire.BackgroundJobServer|Using the following options for Hangfire Server:
    Worker count: 20
    Listening queues: 'default'
    Shutdown timeout: 00:00:15
    Schedule polling interval: 00:00:15
2021-12-26 15:17:32.4356|INFO|Microsoft.Hosting.Lifetime|Application started. Press Ctrl+C to shut down.
2021-12-26 15:17:32.4356|INFO|Microsoft.Hosting.Lifetime|Hosting environment: Development
2021-12-26 15:17:32.4522|INFO|Microsoft.Hosting.Lifetime|Content root path: C:\Users\admin\Desktop\QualificationWork\Api\QualificationWork.Api
2021-12-26 15:17:32.5341|INFO|Hangfire.Server.BackgroundServerProcess|Server desktop-bhcmgte:2828:1cd759ee successfully announced in 579,0184 ms
2021-12-26 15:17:32.5555|INFO|Hangfire.Server.BackgroundServerProcess|Server desktop-bhcmgte:2828:1cd759ee is starting the registered dispatchers: ServerWatchdog, ServerJobCancellationWatcher, ExpirationManager, CountersAggregator, Worker, DelayedJobScheduler, RecurringJobScheduler...
2021-12-26 15:17:33.5582|INFO|Hangfire.Server.BackgroundServerProcess|Server desktop-bhcmgte:2828:1cd759ee all the dispatchers started
2021-12-26 15:19:13.7246|ERROR|Microsoft.EntityFrameworkCore.Database.Command|Failed executing DbCommand (19ms) [Parameters=[@p0='?' (DbType = Int64), @p1='?' (DbType = Int64), @p2='?' (DbType = Int64)], CommandType='Text', CommandTimeout='30']
SET NOCOUNT ON;
INSERT INTO [UserSubjects] ([SubjectId], [TimeTableId], [UserId])
VALUES (@p0, @p1, @p2);
SELECT [Id]
FROM [UserSubjects]
WHERE @@ROWCOUNT = 1 AND [Id] = scope_identity();
2021-12-26 15:19:13.8574|ERROR|Microsoft.EntityFrameworkCore.Update|An exception occurred in the database while saving changes for context type 'QualificationWork.DAL.ApplicationContext'.
Microsoft.EntityFrameworkCore.DbUpdateException: An error occurred while updating the entries. See the inner exception for details.
 ---> Microsoft.Data.SqlClient.SqlException (0x80131904): The INSERT statement conflicted with the FOREIGN KEY constraint "FK_UserSubjects_TimeTable_TimeTableId". The conflict occurred in database "MyDB", table "dbo.TimeTable", column 'Id'.
The statement has been terminated.
   at Microsoft.Data.SqlClient.SqlCommand.<>c.<ExecuteDbDataReaderAsync>b__169_0(Task`1 result)
   at System.Threading.Tasks.ContinuationResultTaskFromResultTask`2.InnerInvoke()
   at System.Threading.Tasks.Task.<>c.<.cctor>b__277_0(Object obj)
   at System.Threading.ExecutionContext.RunInternal(ExecutionContext executionContext, ContextCallback callback, Object state)
--- End of stack trace from previous location ---
   at System.Threading.Tasks.Task.ExecuteWithThreadLocal(Task& currentTaskSlot, Thread threadPoolThread)
--- End of stack trace from previous location ---
   at Microsoft.EntityFrameworkCore.Storage.RelationalCommand.ExecuteReaderAsync(RelationalCommandParameterObject parameterObject, CancellationToken cancellationToken)
   at Microsoft.EntityFrameworkCore.Storage.RelationalCommand.ExecuteReaderAsync(RelationalCommandParameterObject parameterObject, CancellationToken cancellationToken)
   at Microsoft.EntityFrameworkCore.Update.ReaderModificationCommandBatch.ExecuteAsync(IRelationalConnection connection, CancellationToken cancellationToken)
ClientConnectionId:bb3cb8ed-8105-4977-b95d-ed3fcdd8ed0f
Error Number:547,State:0,Class:16
   --- End of inner exception stack trace ---
   at Microsoft.EntityFrameworkCore.Update.ReaderModificationCommandBatch.ExecuteAsync(IRelationalConnection connection, CancellationToken cancellationToken)
   at Microsoft.EntityFrameworkCore.Update.Internal.BatchExecutor.ExecuteAsync(IEnumerable`1 commandBatches, IRelationalConnection connection, CancellationToken cancellationToken)
   at Microsoft.EntityFrameworkCore.Update.Internal.BatchExecutor.ExecuteAsync(IEnumerable`1 commandBatches, IRelationalConnection connection, CancellationToken cancellationToken)
   at Microsoft.EntityFrameworkCore.Update.Internal.BatchExecutor.ExecuteAsync(IEnumerable`1 commandBatches, IRelationalConnection connection, CancellationToken cancellationToken)
   at Microsoft.EntityFrameworkCore.ChangeTracking.Internal.StateManager.SaveChangesAsync(IList`1 entriesToSave, CancellationToken cancellationToken)
   at Microsoft.EntityFrameworkCore.ChangeTracking.Internal.StateManager.SaveChangesAsync(DbContext _, Boolean acceptAllChangesOnSuccess, CancellationToken cancellationToken)
   at Microsoft.EntityFrameworkCore.SqlServer.Storage.Internal.SqlServerExecutionStrategy.ExecuteAsync[TState,TResult](TState state, Func`4 operation, Func`4 verifySucceeded, CancellationToken cancellationToken)
   at Microsoft.EntityFrameworkCore.DbContext.SaveChangesAsync(Boolean acceptAllChangesOnSuccess, CancellationToken cancellationToken)
2021-12-26 15:34:37.2647|INFO|Hangfire.SqlServer.SqlServerObjectsInstaller|Start installing Hangfire SQL objects...
2021-12-26 15:34:37.8068|INFO|Hangfire.SqlServer.SqlServerObjectsInstaller|Hangfire SQL objects installed.
2021-12-26 15:34:40.5234|INFO|Hangfire.BackgroundJobServer|Starting Hangfire Server using job storage: 'SQL Server: (localdb)\MSSQLLocalDB@MyDB'
2021-12-26 15:34:40.5234|INFO|Hangfire.BackgroundJobServer|Using the following options for SQL Server job storage: Queue poll interval: 00:00:00.
2021-12-26 15:34:40.5234|INFO|Hangfire.BackgroundJobServer|Using the following options for Hangfire Server:
    Worker count: 20
    Listening queues: 'default'
    Shutdown timeout: 00:00:15
    Schedule polling interval: 00:00:15
2021-12-26 15:34:40.9850|INFO|Microsoft.Hosting.Lifetime|Application started. Press Ctrl+C to shut down.
2021-12-26 15:34:40.9850|INFO|Microsoft.Hosting.Lifetime|Hosting environment: Development
2021-12-26 15:34:41.0006|INFO|Microsoft.Hosting.Lifetime|Content root path: C:\Users\admin\Desktop\QualificationWork\Api\QualificationWork.Api
2021-12-26 15:34:41.0872|INFO|Hangfire.Server.BackgroundServerProcess|Server desktop-bhcmgte:18932:2ebd7f8b successfully announced in 487,6426 ms
2021-12-26 15:34:41.1157|INFO|Hangfire.Server.BackgroundServerProcess|Server desktop-bhcmgte:18932:2ebd7f8b is starting the registered dispatchers: ServerWatchdog, ServerJobCancellationWatcher, ExpirationManager, CountersAggregator, Worker, DelayedJobScheduler, RecurringJobScheduler...
2021-12-26 15:34:41.2423|INFO|Hangfire.Server.ServerWatchdog|2 servers were removed due to timeout
2021-12-26 15:34:42.1106|INFO|Hangfire.Server.BackgroundServerProcess|Server desktop-bhcmgte:18932:2ebd7f8b all the dispatchers started
2021-12-26 16:32:24.6875|INFO|Hangfire.SqlServer.SqlServerObjectsInstaller|Start installing Hangfire SQL objects...
2021-12-26 16:32:25.2845|INFO|Hangfire.SqlServer.SqlServerObjectsInstaller|Hangfire SQL objects installed.
2021-12-26 16:32:28.2714|INFO|Hangfire.BackgroundJobServer|Starting Hangfire Server using job storage: 'SQL Server: (localdb)\MSSQLLocalDB@MyDB'
2021-12-26 16:32:28.2782|INFO|Hangfire.BackgroundJobServer|Using the following options for SQL Server job storage: Queue poll interval: 00:00:00.
2021-12-26 16:32:28.2782|INFO|Hangfire.BackgroundJobServer|Using the following options for Hangfire Server:
    Worker count: 20
    Listening queues: 'default'
    Shutdown timeout: 00:00:15
    Schedule polling interval: 00:00:15
2021-12-26 16:32:28.8555|INFO|Microsoft.Hosting.Lifetime|Application started. Press Ctrl+C to shut down.
2021-12-26 16:32:28.8555|INFO|Microsoft.Hosting.Lifetime|Hosting environment: Development
2021-12-26 16:32:28.8780|INFO|Microsoft.Hosting.Lifetime|Content root path: C:\Users\admin\Desktop\QualificationWork\Api\QualificationWork.Api
2021-12-26 16:32:28.9774|INFO|Hangfire.Server.BackgroundServerProcess|Server desktop-bhcmgte:22844:d7ef66ed successfully announced in 619,2264 ms
2021-12-26 16:32:29.0340|INFO|Hangfire.Server.BackgroundServerProcess|Server desktop-bhcmgte:22844:d7ef66ed is starting the registered dispatchers: ServerWatchdog, ServerJobCancellationWatcher, ExpirationManager, CountersAggregator, Worker, DelayedJobScheduler, RecurringJobScheduler...
2021-12-26 16:32:29.1203|INFO|Hangfire.Server.ServerWatchdog|1 servers were removed due to timeout
2021-12-26 16:32:30.3774|INFO|Hangfire.Server.BackgroundServerProcess|Server desktop-bhcmgte:22844:d7ef66ed all the dispatchers started
2021-12-26 16:34:28.0785|INFO|Hangfire.SqlServer.SqlServerObjectsInstaller|Start installing Hangfire SQL objects...
2021-12-26 16:34:28.6971|INFO|Hangfire.SqlServer.SqlServerObjectsInstaller|Hangfire SQL objects installed.
2021-12-26 16:34:31.6579|INFO|Hangfire.BackgroundJobServer|Starting Hangfire Server using job storage: 'SQL Server: (localdb)\MSSQLLocalDB@MyDB'
2021-12-26 16:34:31.6640|INFO|Hangfire.BackgroundJobServer|Using the following options for SQL Server job storage: Queue poll interval: 00:00:00.
2021-12-26 16:34:31.6814|INFO|Hangfire.BackgroundJobServer|Using the following options for Hangfire Server:
    Worker count: 20
    Listening queues: 'default'
    Shutdown timeout: 00:00:15
    Schedule polling interval: 00:00:15
2021-12-26 16:34:32.1948|INFO|Microsoft.Hosting.Lifetime|Application started. Press Ctrl+C to shut down.
2021-12-26 16:34:32.2152|INFO|Microsoft.Hosting.Lifetime|Hosting environment: Development
2021-12-26 16:34:32.2292|INFO|Microsoft.Hosting.Lifetime|Content root path: C:\Users\admin\Desktop\QualificationWork\Api\QualificationWork.Api
2021-12-26 16:34:32.3087|INFO|Hangfire.Server.BackgroundServerProcess|Server desktop-bhcmgte:14872:5b6b791f successfully announced in 557,4157 ms
2021-12-26 16:34:32.3327|INFO|Hangfire.Server.BackgroundServerProcess|Server desktop-bhcmgte:14872:5b6b791f is starting the registered dispatchers: ServerWatchdog, ServerJobCancellationWatcher, ExpirationManager, CountersAggregator, Worker, DelayedJobScheduler, RecurringJobScheduler...
2021-12-26 16:34:33.1779|INFO|Hangfire.Server.BackgroundServerProcess|Server desktop-bhcmgte:14872:5b6b791f all the dispatchers started
2021-12-26 16:39:48.3388|INFO|Hangfire.SqlServer.SqlServerObjectsInstaller|Start installing Hangfire SQL objects...
2021-12-26 16:39:49.0883|INFO|Hangfire.SqlServer.SqlServerObjectsInstaller|Hangfire SQL objects installed.
2021-12-26 16:39:52.0146|INFO|Hangfire.BackgroundJobServer|Starting Hangfire Server using job storage: 'SQL Server: (localdb)\MSSQLLocalDB@MyDB'
2021-12-26 16:39:52.0146|INFO|Hangfire.BackgroundJobServer|Using the following options for SQL Server job storage: Queue poll interval: 00:00:00.
2021-12-26 16:39:52.0357|INFO|Hangfire.BackgroundJobServer|Using the following options for Hangfire Server:
    Worker count: 20
    Listening queues: 'default'
    Shutdown timeout: 00:00:15
    Schedule polling interval: 00:00:15
2021-12-26 16:39:52.4787|INFO|Microsoft.Hosting.Lifetime|Application started. Press Ctrl+C to shut down.
2021-12-26 16:39:52.4787|INFO|Microsoft.Hosting.Lifetime|Hosting environment: Development
2021-12-26 16:39:52.5007|INFO|Microsoft.Hosting.Lifetime|Content root path: C:\Users\admin\Desktop\QualificationWork\Api\QualificationWork.Api
2021-12-26 16:39:52.5847|INFO|Hangfire.Server.BackgroundServerProcess|Server desktop-bhcmgte:19052:d2275f85 successfully announced in 489,3447 ms
2021-12-26 16:39:52.6044|INFO|Hangfire.Server.BackgroundServerProcess|Server desktop-bhcmgte:19052:d2275f85 is starting the registered dispatchers: ServerWatchdog, ServerJobCancellationWatcher, ExpirationManager, CountersAggregator, Worker, DelayedJobScheduler, RecurringJobScheduler...
2021-12-26 16:39:52.6735|INFO|Hangfire.Server.ServerWatchdog|1 servers were removed due to timeout
2021-12-26 16:39:53.5353|INFO|Hangfire.Server.BackgroundServerProcess|Server desktop-bhcmgte:19052:d2275f85 all the dispatchers started
2021-12-26 16:40:08.3646|WARN|Microsoft.EntityFrameworkCore.Query|Compiling a query which loads related collections for more than one collection navigation either via 'Include' or through projection but no 'QuerySplittingBehavior' has been configured. By default Entity Framework will use 'QuerySplittingBehavior.SingleQuery' which can potentially result in slow query performance. See https://go.microsoft.com/fwlink/?linkid=2134277 for more information. To identify the query that's triggering this warning call 'ConfigureWarnings(w => w.Throw(RelationalEventId.MultipleCollectionIncludeWarning))'
2021-12-26 16:44:52.7071|INFO|Hangfire.Server.ServerWatchdog|1 servers were removed due to timeout
2021-12-26 17:58:07.5501|INFO|Hangfire.SqlServer.SqlServerObjectsInstaller|Start installing Hangfire SQL objects...
2021-12-26 17:58:08.2868|INFO|Hangfire.SqlServer.SqlServerObjectsInstaller|Hangfire SQL objects installed.
2021-12-26 17:58:11.7684|INFO|Hangfire.BackgroundJobServer|Starting Hangfire Server using job storage: 'SQL Server: (localdb)\MSSQLLocalDB@MyDB'
2021-12-26 17:58:11.7792|INFO|Hangfire.BackgroundJobServer|Using the following options for SQL Server job storage: Queue poll interval: 00:00:00.
2021-12-26 17:58:11.7792|INFO|Hangfire.BackgroundJobServer|Using the following options for Hangfire Server:
    Worker count: 20
    Listening queues: 'default'
    Shutdown timeout: 00:00:15
    Schedule polling interval: 00:00:15
2021-12-26 17:58:12.4306|INFO|Microsoft.Hosting.Lifetime|Application started. Press Ctrl+C to shut down.
2021-12-26 17:58:12.4534|INFO|Microsoft.Hosting.Lifetime|Hosting environment: Development
2021-12-26 17:58:12.4652|INFO|Microsoft.Hosting.Lifetime|Content root path: C:\Users\admin\Desktop\QualificationWork\Api\QualificationWork.Api
2021-12-26 17:58:12.4905|INFO|Hangfire.Server.BackgroundServerProcess|Server desktop-bhcmgte:17472:f14cdda3 successfully announced in 614,0251 ms
2021-12-26 17:58:12.5111|INFO|Hangfire.Server.BackgroundServerProcess|Server desktop-bhcmgte:17472:f14cdda3 is starting the registered dispatchers: ServerWatchdog, ServerJobCancellationWatcher, ExpirationManager, CountersAggregator, Worker, DelayedJobScheduler, RecurringJobScheduler...
2021-12-26 17:58:12.5869|INFO|Hangfire.Server.ServerWatchdog|1 servers were removed due to timeout
2021-12-26 17:58:13.5491|INFO|Hangfire.Server.BackgroundServerProcess|Server desktop-bhcmgte:17472:f14cdda3 all the dispatchers started
2021-12-26 17:59:18.4731|WARN|Microsoft.EntityFrameworkCore.Query|Compiling a query which loads related collections for more than one collection navigation either via 'Include' or through projection but no 'QuerySplittingBehavior' has been configured. By default Entity Framework will use 'QuerySplittingBehavior.SingleQuery' which can potentially result in slow query performance. See https://go.microsoft.com/fwlink/?linkid=2134277 for more information. To identify the query that's triggering this warning call 'ConfigureWarnings(w => w.Throw(RelationalEventId.MultipleCollectionIncludeWarning))'
2021-12-26 17:59:18.4731|WARN|Microsoft.EntityFrameworkCore.Query|Compiling a query which loads related collections for more than one collection navigation either via 'Include' or through projection but no 'QuerySplittingBehavior' has been configured. By default Entity Framework will use 'QuerySplittingBehavior.SingleQuery' which can potentially result in slow query performance. See https://go.microsoft.com/fwlink/?linkid=2134277 for more information. To identify the query that's triggering this warning call 'ConfigureWarnings(w => w.Throw(RelationalEventId.MultipleCollectionIncludeWarning))'
2021-12-26 17:59:32.2425|WARN|Microsoft.EntityFrameworkCore.Query|Compiling a query which loads related collections for more than one collection navigation either via 'Include' or through projection but no 'QuerySplittingBehavior' has been configured. By default Entity Framework will use 'QuerySplittingBehavior.SingleQuery' which can potentially result in slow query performance. See https://go.microsoft.com/fwlink/?linkid=2134277 for more information. To identify the query that's triggering this warning call 'ConfigureWarnings(w => w.Throw(RelationalEventId.MultipleCollectionIncludeWarning))'
2021-12-26 18:04:06.3645|WARN|Microsoft.AspNetCore.Identity.UserManager|User is already in role Admin.
2021-12-26 18:05:03.4570|WARN|Microsoft.AspNetCore.Identity.UserManager|User is already in role Admin.
2021-12-26 18:10:32.4869|INFO|Hangfire.SqlServer.SqlServerObjectsInstaller|Start installing Hangfire SQL objects...
2021-12-26 18:10:33.0768|INFO|Hangfire.SqlServer.SqlServerObjectsInstaller|Hangfire SQL objects installed.
2021-12-26 18:10:36.0057|INFO|Hangfire.BackgroundJobServer|Starting Hangfire Server using job storage: 'SQL Server: (localdb)\MSSQLLocalDB@MyDB'
2021-12-26 18:10:36.0151|INFO|Hangfire.BackgroundJobServer|Using the following options for SQL Server job storage: Queue poll interval: 00:00:00.
2021-12-26 18:10:36.0252|INFO|Hangfire.BackgroundJobServer|Using the following options for Hangfire Server:
    Worker count: 20
    Listening queues: 'default'
    Shutdown timeout: 00:00:15
    Schedule polling interval: 00:00:15
2021-12-26 18:10:36.4882|INFO|Microsoft.Hosting.Lifetime|Application started. Press Ctrl+C to shut down.
2021-12-26 18:10:36.4943|INFO|Microsoft.Hosting.Lifetime|Hosting environment: Development
2021-12-26 18:10:36.4943|INFO|Microsoft.Hosting.Lifetime|Content root path: C:\Users\admin\Desktop\QualificationWork\Api\QualificationWork.Api
2021-12-26 18:10:36.6160|INFO|Hangfire.Server.BackgroundServerProcess|Server desktop-bhcmgte:2892:3c8dc0cd successfully announced in 524,567 ms
2021-12-26 18:10:36.6454|INFO|Hangfire.Server.BackgroundServerProcess|Server desktop-bhcmgte:2892:3c8dc0cd is starting the registered dispatchers: ServerWatchdog, ServerJobCancellationWatcher, ExpirationManager, CountersAggregator, Worker, DelayedJobScheduler, RecurringJobScheduler...
2021-12-26 18:10:37.8550|INFO|Hangfire.Server.BackgroundServerProcess|Server desktop-bhcmgte:2892:3c8dc0cd all the dispatchers started
2021-12-26 18:24:23.0477|INFO|Hangfire.SqlServer.SqlServerObjectsInstaller|Start installing Hangfire SQL objects...
2021-12-26 18:24:23.7401|INFO|Hangfire.SqlServer.SqlServerObjectsInstaller|Hangfire SQL objects installed.
2021-12-26 18:24:26.7044|INFO|Hangfire.BackgroundJobServer|Starting Hangfire Server using job storage: 'SQL Server: (localdb)\MSSQLLocalDB@MyDB'
2021-12-26 18:24:26.7114|INFO|Hangfire.BackgroundJobServer|Using the following options for SQL Server job storage: Queue poll interval: 00:00:00.
2021-12-26 18:24:26.7114|INFO|Hangfire.BackgroundJobServer|Using the following options for Hangfire Server:
    Worker count: 20
    Listening queues: 'default'
    Shutdown timeout: 00:00:15
    Schedule polling interval: 00:00:15
2021-12-26 18:24:27.2232|INFO|Microsoft.Hosting.Lifetime|Application started. Press Ctrl+C to shut down.
2021-12-26 18:24:27.2286|INFO|Microsoft.Hosting.Lifetime|Hosting environment: Development
2021-12-26 18:24:27.2286|INFO|Microsoft.Hosting.Lifetime|Content root path: C:\Users\admin\Desktop\QualificationWork\Api\QualificationWork.Api
2021-12-26 18:24:27.3206|INFO|Hangfire.Server.BackgroundServerProcess|Server desktop-bhcmgte:23252:4dd0cc8b successfully announced in 519,9125 ms
2021-12-26 18:24:27.3443|INFO|Hangfire.Server.BackgroundServerProcess|Server desktop-bhcmgte:23252:4dd0cc8b is starting the registered dispatchers: ServerWatchdog, ServerJobCancellationWatcher, ExpirationManager, CountersAggregator, Worker, DelayedJobScheduler, RecurringJobScheduler...
2021-12-26 18:24:27.4227|INFO|Hangfire.Server.ServerWatchdog|2 servers were removed due to timeout
2021-12-26 18:24:28.7420|INFO|Hangfire.Server.BackgroundServerProcess|Server desktop-bhcmgte:23252:4dd0cc8b all the dispatchers started
2021-12-26 18:24:38.0267|WARN|Microsoft.EntityFrameworkCore.Query|Compiling a query which loads related collections for more than one collection navigation either via 'Include' or through projection but no 'QuerySplittingBehavior' has been configured. By default Entity Framework will use 'QuerySplittingBehavior.SingleQuery' which can potentially result in slow query performance. See https://go.microsoft.com/fwlink/?linkid=2134277 for more information. To identify the query that's triggering this warning call 'ConfigureWarnings(w => w.Throw(RelationalEventId.MultipleCollectionIncludeWarning))'
2021-12-26 18:24:38.0267|WARN|Microsoft.EntityFrameworkCore.Query|Compiling a query which loads related collections for more than one collection navigation either via 'Include' or through projection but no 'QuerySplittingBehavior' has been configured. By default Entity Framework will use 'QuerySplittingBehavior.SingleQuery' which can potentially result in slow query performance. See https://go.microsoft.com/fwlink/?linkid=2134277 for more information. To identify the query that's triggering this warning call 'ConfigureWarnings(w => w.Throw(RelationalEventId.MultipleCollectionIncludeWarning))'
2021-12-26 18:24:42.3259|WARN|Microsoft.EntityFrameworkCore.Query|Compiling a query which loads related collections for more than one collection navigation either via 'Include' or through projection but no 'QuerySplittingBehavior' has been configured. By default Entity Framework will use 'QuerySplittingBehavior.SingleQuery' which can potentially result in slow query performance. See https://go.microsoft.com/fwlink/?linkid=2134277 for more information. To identify the query that's triggering this warning call 'ConfigureWarnings(w => w.Throw(RelationalEventId.MultipleCollectionIncludeWarning))'
2021-12-26 19:44:39.5232|INFO|Hangfire.SqlServer.SqlServerObjectsInstaller|Start installing Hangfire SQL objects...
2021-12-26 19:44:40.6089|INFO|Hangfire.SqlServer.SqlServerObjectsInstaller|Hangfire SQL objects installed.
2021-12-26 19:44:47.3641|INFO|Hangfire.BackgroundJobServer|Starting Hangfire Server using job storage: 'SQL Server: (localdb)\MSSQLLocalDB@MyDB'
2021-12-26 19:44:47.3743|INFO|Hangfire.BackgroundJobServer|Using the following options for SQL Server job storage: Queue poll interval: 00:00:00.
2021-12-26 19:44:47.3743|INFO|Hangfire.BackgroundJobServer|Using the following options for Hangfire Server:
    Worker count: 20
    Listening queues: 'default'
    Shutdown timeout: 00:00:15
    Schedule polling interval: 00:00:15
2021-12-26 19:44:50.2315|INFO|Hangfire.Server.BackgroundServerProcess|Server desktop-bhcmgte:3112:2932cef9 successfully announced in 2696,6693 ms
2021-12-26 19:44:50.3119|INFO|Hangfire.Server.BackgroundServerProcess|Server desktop-bhcmgte:3112:2932cef9 is starting the registered dispatchers: ServerWatchdog, ServerJobCancellationWatcher, ExpirationManager, CountersAggregator, Worker, DelayedJobScheduler, RecurringJobScheduler...
2021-12-26 19:44:51.4914|INFO|Microsoft.Hosting.Lifetime|Application started. Press Ctrl+C to shut down.
2021-12-26 19:44:52.0600|INFO|Microsoft.Hosting.Lifetime|Hosting environment: Development
2021-12-26 19:44:52.0946|INFO|Microsoft.Hosting.Lifetime|Content root path: C:\Users\admin\Desktop\QualificationWork\Api\QualificationWork.Api
2021-12-26 19:44:53.8844|INFO|Hangfire.Server.BackgroundServerProcess|Server desktop-bhcmgte:3112:2932cef9 all the dispatchers started
2021-12-26 19:46:13.6230|WARN|Microsoft.EntityFrameworkCore.Query|Compiling a query which loads related collections for more than one collection navigation either via 'Include' or through projection but no 'QuerySplittingBehavior' has been configured. By default Entity Framework will use 'QuerySplittingBehavior.SingleQuery' which can potentially result in slow query performance. See https://go.microsoft.com/fwlink/?linkid=2134277 for more information. To identify the query that's triggering this warning call 'ConfigureWarnings(w => w.Throw(RelationalEventId.MultipleCollectionIncludeWarning))'
2021-12-26 19:46:13.6230|WARN|Microsoft.EntityFrameworkCore.Query|Compiling a query which loads related collections for more than one collection navigation either via 'Include' or through projection but no 'QuerySplittingBehavior' has been configured. By default Entity Framework will use 'QuerySplittingBehavior.SingleQuery' which can potentially result in slow query performance. See https://go.microsoft.com/fwlink/?linkid=2134277 for more information. To identify the query that's triggering this warning call 'ConfigureWarnings(w => w.Throw(RelationalEventId.MultipleCollectionIncludeWarning))'
2021-12-26 19:48:54.7362|WARN|Microsoft.EntityFrameworkCore.Query|Compiling a query which loads related collections for more than one collection navigation either via 'Include' or through projection but no 'QuerySplittingBehavior' has been configured. By default Entity Framework will use 'QuerySplittingBehavior.SingleQuery' which can potentially result in slow query performance. See https://go.microsoft.com/fwlink/?linkid=2134277 for more information. To identify the query that's triggering this warning call 'ConfigureWarnings(w => w.Throw(RelationalEventId.MultipleCollectionIncludeWarning))'
2021-12-26 19:49:50.5642|INFO|Hangfire.Server.ServerWatchdog|1 servers were removed due to timeout
2021-12-26 21:20:22.0411|INFO|Hangfire.SqlServer.SqlServerObjectsInstaller|Start installing Hangfire SQL objects...
2021-12-26 21:20:22.8627|INFO|Hangfire.SqlServer.SqlServerObjectsInstaller|Hangfire SQL objects installed.
2021-12-26 21:20:26.1434|INFO|Hangfire.BackgroundJobServer|Starting Hangfire Server using job storage: 'SQL Server: (localdb)\MSSQLLocalDB@MyDB'
2021-12-26 21:20:26.1555|INFO|Hangfire.BackgroundJobServer|Using the following options for SQL Server job storage: Queue poll interval: 00:00:00.
2021-12-26 21:20:26.1806|INFO|Hangfire.BackgroundJobServer|Using the following options for Hangfire Server:
    Worker count: 20
    Listening queues: 'default'
    Shutdown timeout: 00:00:15
    Schedule polling interval: 00:00:15
2021-12-26 21:20:26.9408|INFO|Microsoft.Hosting.Lifetime|Application started. Press Ctrl+C to shut down.
2021-12-26 21:20:26.9805|INFO|Microsoft.Hosting.Lifetime|Hosting environment: Development
2021-12-26 21:20:26.9955|INFO|Microsoft.Hosting.Lifetime|Content root path: C:\Users\admin\Desktop\QualificationWork\Api\QualificationWork.Api
2021-12-26 21:20:27.0886|INFO|Hangfire.Server.BackgroundServerProcess|Server desktop-bhcmgte:21224:6f66ecec successfully announced in 723,9144 ms
2021-12-26 21:20:27.2241|INFO|Hangfire.Server.BackgroundServerProcess|Server desktop-bhcmgte:21224:6f66ecec is starting the registered dispatchers: ServerWatchdog, ServerJobCancellationWatcher, ExpirationManager, CountersAggregator, Worker, DelayedJobScheduler, RecurringJobScheduler...
2021-12-26 21:20:27.3009|INFO|Hangfire.Server.ServerWatchdog|1 servers were removed due to timeout
2021-12-26 21:20:28.3188|INFO|Hangfire.Server.BackgroundServerProcess|Server desktop-bhcmgte:21224:6f66ecec all the dispatchers started
2021-12-26 21:23:19.7373|WARN|Microsoft.EntityFrameworkCore.Query|Compiling a query which loads related collections for more than one collection navigation either via 'Include' or through projection but no 'QuerySplittingBehavior' has been configured. By default Entity Framework will use 'QuerySplittingBehavior.SingleQuery' which can potentially result in slow query performance. See https://go.microsoft.com/fwlink/?linkid=2134277 for more information. To identify the query that's triggering this warning call 'ConfigureWarnings(w => w.Throw(RelationalEventId.MultipleCollectionIncludeWarning))'
2021-12-26 21:23:34.8354|WARN|Microsoft.EntityFrameworkCore.Query|Compiling a query which loads related collections for more than one collection navigation either via 'Include' or through projection but no 'QuerySplittingBehavior' has been configured. By default Entity Framework will use 'QuerySplittingBehavior.SingleQuery' which can potentially result in slow query performance. See https://go.microsoft.com/fwlink/?linkid=2134277 for more information. To identify the query that's triggering this warning call 'ConfigureWarnings(w => w.Throw(RelationalEventId.MultipleCollectionIncludeWarning))'
2021-12-26 21:23:34.8354|WARN|Microsoft.EntityFrameworkCore.Query|Compiling a query which loads related collections for more than one collection navigation either via 'Include' or through projection but no 'QuerySplittingBehavior' has been configured. By default Entity Framework will use 'QuerySplittingBehavior.SingleQuery' which can potentially result in slow query performance. See https://go.microsoft.com/fwlink/?linkid=2134277 for more information. To identify the query that's triggering this warning call 'ConfigureWarnings(w => w.Throw(RelationalEventId.MultipleCollectionIncludeWarning))'
