2021-12-24 13:44:20.5654|INFO|Hangfire.SqlServer.SqlServerObjectsInstaller|Start installing Hangfire SQL objects...
2021-12-24 13:44:23.1720|INFO|Hangfire.SqlServer.SqlServerObjectsInstaller|Hangfire SQL objects installed.
2021-12-24 13:44:23.4546|INFO|Hangfire.BackgroundJobServer|Starting Hangfire Server using job storage: 'SQL Server: (localdb)\MSSQLLocalDB@MyDB'
2021-12-24 13:44:23.4640|INFO|Hangfire.BackgroundJobServer|Using the following options for SQL Server job storage: Queue poll interval: 00:00:00.
2021-12-24 13:44:23.4640|INFO|Hangfire.BackgroundJobServer|Using the following options for Hangfire Server:
    Worker count: 20
    Listening queues: 'default'
    Shutdown timeout: 00:00:15
    Schedule polling interval: 00:00:15
2021-12-24 13:44:24.5595|INFO|Microsoft.Hosting.Lifetime|Application started. Press Ctrl+C to shut down.
2021-12-24 13:44:24.6709|INFO|Microsoft.Hosting.Lifetime|Hosting environment: Development
2021-12-24 13:44:24.7275|INFO|Microsoft.Hosting.Lifetime|Content root path: C:\Users\admin\Desktop\QualificationWork\Api\QualificationWork.Api
2021-12-24 13:44:25.8489|INFO|Hangfire.Server.BackgroundServerProcess|Server desktop-bhcmgte:15704:8ff52db0 successfully announced in 2300,4501 ms
2021-12-24 13:44:25.8965|INFO|Hangfire.Server.BackgroundServerProcess|Server desktop-bhcmgte:15704:8ff52db0 is starting the registered dispatchers: ServerWatchdog, ServerJobCancellationWatcher, ExpirationManager, CountersAggregator, Worker, DelayedJobScheduler, RecurringJobScheduler...
2021-12-24 13:44:26.0355|INFO|Hangfire.Server.ServerWatchdog|1 servers were removed due to timeout
2021-12-24 13:44:27.0500|INFO|Hangfire.Server.BackgroundServerProcess|Server desktop-bhcmgte:15704:8ff52db0 all the dispatchers started
2021-12-24 13:47:37.1195|WARN|Microsoft.EntityFrameworkCore.Query|Compiling a query which loads related collections for more than one collection navigation either via 'Include' or through projection but no 'QuerySplittingBehavior' has been configured. By default Entity Framework will use 'QuerySplittingBehavior.SingleQuery' which can potentially result in slow query performance. See https://go.microsoft.com/fwlink/?linkid=2134277 for more information. To identify the query that's triggering this warning call 'ConfigureWarnings(w => w.Throw(RelationalEventId.MultipleCollectionIncludeWarning))'
2021-12-24 13:47:37.1195|WARN|Microsoft.EntityFrameworkCore.Query|Compiling a query which loads related collections for more than one collection navigation either via 'Include' or through projection but no 'QuerySplittingBehavior' has been configured. By default Entity Framework will use 'QuerySplittingBehavior.SingleQuery' which can potentially result in slow query performance. See https://go.microsoft.com/fwlink/?linkid=2134277 for more information. To identify the query that's triggering this warning call 'ConfigureWarnings(w => w.Throw(RelationalEventId.MultipleCollectionIncludeWarning))'
2021-12-24 14:04:03.0248|WARN|Microsoft.AspNetCore.Identity.UserManager|User is already in role Admin.
2021-12-24 14:04:07.0744|WARN|Microsoft.EntityFrameworkCore.Query|Compiling a query which loads related collections for more than one collection navigation either via 'Include' or through projection but no 'QuerySplittingBehavior' has been configured. By default Entity Framework will use 'QuerySplittingBehavior.SingleQuery' which can potentially result in slow query performance. See https://go.microsoft.com/fwlink/?linkid=2134277 for more information. To identify the query that's triggering this warning call 'ConfigureWarnings(w => w.Throw(RelationalEventId.MultipleCollectionIncludeWarning))'
