2022-01-17 20:21:31.4327|INFO|Hangfire.SqlServer.SqlServerObjectsInstaller|Start installing Hangfire SQL objects...
2022-01-17 20:21:33.9978|INFO|Hangfire.SqlServer.SqlServerObjectsInstaller|Hangfire SQL objects installed.
2022-01-17 20:21:38.2138|INFO|Hangfire.BackgroundJobServer|Starting Hangfire Server using job storage: 'SQL Server: (localdb)\MSSQLLocalDB@MyDB'
2022-01-17 20:21:38.2399|INFO|Hangfire.BackgroundJobServer|Using the following options for SQL Server job storage: Queue poll interval: 00:00:00.
2022-01-17 20:21:38.3154|INFO|Hangfire.BackgroundJobServer|Using the following options for Hangfire Server:
    Worker count: 20
    Listening queues: 'default'
    Shutdown timeout: 00:00:15
    Schedule polling interval: 00:00:15
2022-01-17 20:21:39.3357|INFO|Microsoft.Hosting.Lifetime|Application started. Press Ctrl+C to shut down.
2022-01-17 20:21:39.3769|INFO|Hangfire.Server.BackgroundServerProcess|Server desktop-bhcmgte:8912:1270a734 successfully announced in 907,0292 ms
2022-01-17 20:21:39.3537|INFO|Microsoft.Hosting.Lifetime|Hosting environment: Development
2022-01-17 20:21:39.4163|INFO|Hangfire.Server.BackgroundServerProcess|Server desktop-bhcmgte:8912:1270a734 is starting the registered dispatchers: ServerWatchdog, ServerJobCancellationWatcher, ExpirationManager, CountersAggregator, Worker, DelayedJobScheduler, RecurringJobScheduler...
2022-01-17 20:21:39.4269|INFO|Microsoft.Hosting.Lifetime|Content root path: C:\Users\admin\Desktop\QualificationWork\Api\QualificationWork.Api
2022-01-17 20:21:39.5555|INFO|Hangfire.Server.ServerWatchdog|1 servers were removed due to timeout
2022-01-17 20:21:40.2591|INFO|Hangfire.Server.BackgroundServerProcess|Server desktop-bhcmgte:8912:1270a734 all the dispatchers started
2022-01-17 20:21:58.1387|WARN|Microsoft.EntityFrameworkCore.Query|Compiling a query which loads related collections for more than one collection navigation either via 'Include' or through projection but no 'QuerySplittingBehavior' has been configured. By default Entity Framework will use 'QuerySplittingBehavior.SingleQuery' which can potentially result in slow query performance. See https://go.microsoft.com/fwlink/?linkid=2134277 for more information. To identify the query that's triggering this warning call 'ConfigureWarnings(w => w.Throw(RelationalEventId.MultipleCollectionIncludeWarning))'
2022-01-17 20:21:58.1600|WARN|Microsoft.EntityFrameworkCore.Query|Compiling a query which loads related collections for more than one collection navigation either via 'Include' or through projection but no 'QuerySplittingBehavior' has been configured. By default Entity Framework will use 'QuerySplittingBehavior.SingleQuery' which can potentially result in slow query performance. See https://go.microsoft.com/fwlink/?linkid=2134277 for more information. To identify the query that's triggering this warning call 'ConfigureWarnings(w => w.Throw(RelationalEventId.MultipleCollectionIncludeWarning))'
2022-01-17 20:21:58.3543|WARN|Microsoft.EntityFrameworkCore.Query|Compiling a query which loads related collections for more than one collection navigation either via 'Include' or through projection but no 'QuerySplittingBehavior' has been configured. By default Entity Framework will use 'QuerySplittingBehavior.SingleQuery' which can potentially result in slow query performance. See https://go.microsoft.com/fwlink/?linkid=2134277 for more information. To identify the query that's triggering this warning call 'ConfigureWarnings(w => w.Throw(RelationalEventId.MultipleCollectionIncludeWarning))'
2022-01-17 20:22:05.3787|WARN|Microsoft.EntityFrameworkCore.Query|Compiling a query which loads related collections for more than one collection navigation either via 'Include' or through projection but no 'QuerySplittingBehavior' has been configured. By default Entity Framework will use 'QuerySplittingBehavior.SingleQuery' which can potentially result in slow query performance. See https://go.microsoft.com/fwlink/?linkid=2134277 for more information. To identify the query that's triggering this warning call 'ConfigureWarnings(w => w.Throw(RelationalEventId.MultipleCollectionIncludeWarning))'
2022-01-17 20:38:17.1381|WARN|Microsoft.EntityFrameworkCore.Query|Compiling a query which loads related collections for more than one collection navigation either via 'Include' or through projection but no 'QuerySplittingBehavior' has been configured. By default Entity Framework will use 'QuerySplittingBehavior.SingleQuery' which can potentially result in slow query performance. See https://go.microsoft.com/fwlink/?linkid=2134277 for more information. To identify the query that's triggering this warning call 'ConfigureWarnings(w => w.Throw(RelationalEventId.MultipleCollectionIncludeWarning))'
